2020-10-26 20:58:33,694 DEBUG server.py Создаем сокет на сервере
2020-10-26 20:58:33,709 DEBUG decos.py <2020-10-26 20:58:33> Функция create_socket() вызвана из функции main.
2020-10-26 20:58:33,772 INFO server.py Установлено соедение с ПК ('127.0.0.1', 64567)
2020-10-26 20:58:33,787 INFO server.py Установлено соедение с ПК ('127.0.0.1', 64568)
2020-10-26 20:58:33,787 DEBUG server.py Вызвана функция get_message сервера
2020-10-26 20:58:33,803 DEBUG decos.py <2020-10-26 20:58:33> Функция get_message() вызвана из функции main.
2020-10-26 20:58:33,803 DEBUG server.py Разбор сообщения от клиента : {'action': 'presence', 'time': 1603735113.772135, 'user': {'account_name': 'Guest'}}
2020-10-26 20:58:33,803 DEBUG server.py Вызвана функция send_message сервера. Сообщение {'response': 200}
2020-10-26 20:58:33,803 DEBUG decos.py <2020-10-26 20:58:33> Функция send_message() вызвана из функции process_client_message.
2020-10-26 20:58:33,803 DEBUG decos.py <2020-10-26 20:58:33> Функция process_client_message() вызвана из функции main.
2020-10-26 20:58:33,803 INFO server.py Установлено соедение с ПК ('127.0.0.1', 64569)
2020-10-26 20:58:33,803 DEBUG server.py Вызвана функция get_message сервера
2020-10-26 20:58:33,803 DEBUG decos.py <2020-10-26 20:58:33> Функция get_message() вызвана из функции main.
2020-10-26 20:58:33,803 DEBUG server.py Разбор сообщения от клиента : {'action': 'presence', 'time': 1603735113.787758, 'user': {'account_name': 'Guest'}}
2020-10-26 20:58:33,803 DEBUG server.py Вызвана функция send_message сервера. Сообщение {'response': 200}
2020-10-26 20:58:33,803 DEBUG decos.py <2020-10-26 20:58:33> Функция send_message() вызвана из функции process_client_message.
2020-10-26 20:58:33,803 DEBUG decos.py <2020-10-26 20:58:33> Функция process_client_message() вызвана из функции main.
2020-10-26 20:58:33,803 INFO server.py Установлено соедение с ПК ('127.0.0.1', 64570)
2020-10-26 20:58:33,803 DEBUG server.py Вызвана функция get_message сервера
2020-10-26 20:58:33,803 DEBUG decos.py <2020-10-26 20:58:33> Функция get_message() вызвана из функции main.
2020-10-26 20:58:33,803 DEBUG server.py Разбор сообщения от клиента : {'action': 'presence', 'time': 1603735113.8033826, 'user': {'account_name': 'Guest'}}
2020-10-26 20:58:33,803 DEBUG server.py Вызвана функция send_message сервера. Сообщение {'response': 200}
2020-10-26 20:58:33,819 DEBUG decos.py <2020-10-26 20:58:33> Функция send_message() вызвана из функции process_client_message.
2020-10-26 20:58:33,819 DEBUG decos.py <2020-10-26 20:58:33> Функция process_client_message() вызвана из функции main.
2020-10-26 20:58:33,819 INFO server.py Установлено соедение с ПК ('127.0.0.1', 64571)
2020-10-26 20:58:33,819 DEBUG server.py Вызвана функция get_message сервера
2020-10-26 20:58:33,819 DEBUG decos.py <2020-10-26 20:58:33> Функция get_message() вызвана из функции main.
2020-10-26 20:58:33,819 DEBUG server.py Разбор сообщения от клиента : {'action': 'presence', 'time': 1603735113.8033826, 'user': {'account_name': 'Guest'}}
2020-10-26 20:58:33,819 DEBUG server.py Вызвана функция send_message сервера. Сообщение {'response': 200}
2020-10-26 20:58:33,819 DEBUG decos.py <2020-10-26 20:58:33> Функция send_message() вызвана из функции process_client_message.
2020-10-26 20:58:33,819 DEBUG decos.py <2020-10-26 20:58:33> Функция process_client_message() вызвана из функции main.
2020-10-26 20:58:33,842 INFO server.py Установлено соедение с ПК ('127.0.0.1', 64572)
2020-10-26 20:58:33,843 DEBUG server.py Вызвана функция get_message сервера
2020-10-26 20:58:33,843 DEBUG decos.py <2020-10-26 20:58:33> Функция get_message() вызвана из функции main.
2020-10-26 20:58:33,843 DEBUG server.py Разбор сообщения от клиента : {'action': 'presence', 'time': 1603735113.8190062, 'user': {'account_name': 'Guest'}}
2020-10-26 20:58:33,843 DEBUG server.py Вызвана функция send_message сервера. Сообщение {'response': 200}
2020-10-26 20:58:33,844 DEBUG decos.py <2020-10-26 20:58:33> Функция send_message() вызвана из функции process_client_message.
2020-10-26 20:58:33,845 DEBUG decos.py <2020-10-26 20:58:33> Функция process_client_message() вызвана из функции main.
2020-10-26 20:58:33,845 INFO server.py Установлено соедение с ПК ('127.0.0.1', 64573)
2020-10-26 20:58:33,845 DEBUG server.py Вызвана функция get_message сервера
2020-10-26 20:58:33,845 DEBUG decos.py <2020-10-26 20:58:33> Функция get_message() вызвана из функции main.
2020-10-26 20:58:33,845 DEBUG server.py Разбор сообщения от клиента : {'action': 'presence', 'time': 1603735113.8424754, 'user': {'account_name': 'Guest'}}
2020-10-26 20:58:33,845 DEBUG server.py Вызвана функция send_message сервера. Сообщение {'response': 200}
2020-10-26 20:58:33,846 DEBUG decos.py <2020-10-26 20:58:33> Функция send_message() вызвана из функции process_client_message.
2020-10-26 20:58:33,847 DEBUG decos.py <2020-10-26 20:58:33> Функция process_client_message() вызвана из функции main.
2020-10-26 20:58:33,847 DEBUG server.py Вызвана функция get_message сервера
2020-10-26 20:58:33,847 DEBUG decos.py <2020-10-26 20:58:33> Функция get_message() вызвана из функции main.
2020-10-26 20:58:33,847 DEBUG server.py Разбор сообщения от клиента : {'action': 'presence', 'time': 1603735113.8424754, 'user': {'account_name': 'Guest'}}
2020-10-26 20:58:33,847 DEBUG server.py Вызвана функция send_message сервера. Сообщение {'response': 200}
2020-10-26 20:58:33,848 DEBUG decos.py <2020-10-26 20:58:33> Функция send_message() вызвана из функции process_client_message.
2020-10-26 20:58:33,849 DEBUG decos.py <2020-10-26 20:58:33> Функция process_client_message() вызвана из функции main.
2020-10-26 20:59:05,176 DEBUG server.py Вызвана функция get_message сервера
2020-10-26 20:59:05,176 DEBUG decos.py <2020-10-26 20:59:05> Функция get_message() вызвана из функции main.
2020-10-26 20:59:05,176 DEBUG server.py Разбор сообщения от клиента : {'action': 'message', 'time': 1603735144.9737897, 'account_name': 'Guest', 'mess_text': 'Test Test Test!!!'}
2020-10-26 20:59:05,176 DEBUG decos.py <2020-10-26 20:59:05> Функция process_client_message() вызвана из функции main.
2020-10-26 20:59:05,176 DEBUG server.py Вызвана функция send_message сервера. Сообщение {'action': 'message', 'sender': 'Guest', 'time': 1603735145.1769013, 'mess_text': 'Test Test Test!!!'}
2020-10-26 20:59:05,176 DEBUG decos.py <2020-10-26 20:59:05> Функция send_message() вызвана из функции main.
2020-10-26 20:59:05,176 DEBUG server.py Вызвана функция send_message сервера. Сообщение {'action': 'message', 'sender': 'Guest', 'time': 1603735145.1769013, 'mess_text': 'Test Test Test!!!'}
2020-10-26 20:59:05,176 DEBUG decos.py <2020-10-26 20:59:05> Функция send_message() вызвана из функции main.
2020-10-26 20:59:05,176 DEBUG server.py Вызвана функция send_message сервера. Сообщение {'action': 'message', 'sender': 'Guest', 'time': 1603735145.1769013, 'mess_text': 'Test Test Test!!!'}
2020-10-26 20:59:05,176 DEBUG decos.py <2020-10-26 20:59:05> Функция send_message() вызвана из функции main.
2020-10-26 20:59:05,176 DEBUG server.py Вызвана функция send_message сервера. Сообщение {'action': 'message', 'sender': 'Guest', 'time': 1603735145.1769013, 'mess_text': 'Test Test Test!!!'}
2020-10-26 20:59:05,176 DEBUG decos.py <2020-10-26 20:59:05> Функция send_message() вызвана из функции main.
2020-10-26 20:59:05,176 DEBUG server.py Вызвана функция send_message сервера. Сообщение {'action': 'message', 'sender': 'Guest', 'time': 1603735145.1769013, 'mess_text': 'Test Test Test!!!'}
2020-10-26 20:59:05,176 DEBUG decos.py <2020-10-26 20:59:05> Функция send_message() вызвана из функции main.
2020-10-26 20:59:05,176 DEBUG server.py Вызвана функция send_message сервера. Сообщение {'action': 'message', 'sender': 'Guest', 'time': 1603735145.1769013, 'mess_text': 'Test Test Test!!!'}
2020-10-26 20:59:05,176 DEBUG decos.py <2020-10-26 20:59:05> Функция send_message() вызвана из функции main.
2020-10-26 20:59:05,176 DEBUG server.py Вызвана функция send_message сервера. Сообщение {'action': 'message', 'sender': 'Guest', 'time': 1603735145.1769013, 'mess_text': 'Test Test Test!!!'}
2020-10-26 20:59:05,176 DEBUG decos.py <2020-10-26 20:59:05> Функция send_message() вызвана из функции main.
