2020-10-26 20:38:11,333 DEBUG decos.py <2020-10-26 20:38:11> Функция arg_parser() вызвана из функции main.
2020-10-26 20:38:11,349 INFO client.py Запущен клиент с парамертами: адрес сервера: 127.0.0.1, порт: 7777, режим работы: send
2020-10-26 20:38:11,349 DEBUG decos.py <2020-10-26 20:38:11> Функция arg_parser() вызвана из функции main.
2020-10-26 20:38:11,349 INFO client.py Запущен клиент с парамертами: адрес сервера: 127.0.0.1, порт: 7777, режим работы: listen
2020-10-26 20:38:11,349 DEBUG client.py Создаем сокет клиента
2020-10-26 20:38:11,349 DEBUG client.py Создаем сокет клиента
2020-10-26 20:38:11,349 DEBUG decos.py <2020-10-26 20:38:11> Функция create_socket() вызвана из функции main.
2020-10-26 20:38:11,349 DEBUG decos.py <2020-10-26 20:38:11> Функция arg_parser() вызвана из функции main.
2020-10-26 20:38:11,349 INFO client.py Запущен клиент с парамертами: адрес сервера: 127.0.0.1, порт: 7777, режим работы: listen
2020-10-26 20:38:11,349 DEBUG client.py Создаем сокет клиента
2020-10-26 20:38:11,349 DEBUG decos.py <2020-10-26 20:38:11> Функция create_socket() вызвана из функции main.
2020-10-26 20:38:11,349 DEBUG decos.py <2020-10-26 20:38:11> Функция create_socket() вызвана из функции main.
2020-10-26 20:38:11,349 DEBUG decos.py <2020-10-26 20:38:11> Функция arg_parser() вызвана из функции main.
2020-10-26 20:38:11,364 INFO client.py Запущен клиент с парамертами: адрес сервера: 127.0.0.1, порт: 7777, режим работы: send
2020-10-26 20:38:11,364 DEBUG client.py Создаем сокет клиента
2020-10-26 20:38:11,364 DEBUG decos.py <2020-10-26 20:38:11> Функция create_socket() вызвана из функции main.
2020-10-26 20:38:11,395 DEBUG decos.py <2020-10-26 20:38:11> Функция arg_parser() вызвана из функции main.
2020-10-26 20:38:11,395 INFO client.py Запущен клиент с парамертами: адрес сервера: 127.0.0.1, порт: 7777, режим работы: listen
2020-10-26 20:38:11,395 DEBUG client.py Создаем сокет клиента
2020-10-26 20:38:11,395 DEBUG decos.py <2020-10-26 20:38:11> Функция create_socket() вызвана из функции main.
2020-10-26 20:38:11,395 DEBUG client.py Сформировано presence сообщение для пользователя Guest
2020-10-26 20:38:11,395 DEBUG decos.py <2020-10-26 20:38:11> Функция create_presence() вызвана из функции main.
2020-10-26 20:38:11,395 DEBUG client.py Вызвана функция send_message клиента. Сообщение {'action': 'presence', 'time': 1603733891.395915, 'user': {'account_name': 'Guest'}}.
2020-10-26 20:38:11,411 DEBUG decos.py <2020-10-26 20:38:11> Функция send_message() вызвана из функции main.
2020-10-26 20:38:11,411 DEBUG client.py ВЫзвана функция get_message клиента
2020-10-26 20:38:11,427 DEBUG decos.py <2020-10-26 20:38:11> Функция arg_parser() вызвана из функции main.
2020-10-26 20:38:11,427 INFO client.py Запущен клиент с парамертами: адрес сервера: 127.0.0.1, порт: 7777, режим работы: listen
2020-10-26 20:38:11,427 DEBUG decos.py <2020-10-26 20:38:11> Функция arg_parser() вызвана из функции main.
2020-10-26 20:38:11,427 DEBUG client.py Создаем сокет клиента
2020-10-26 20:38:11,427 INFO client.py Запущен клиент с парамертами: адрес сервера: 127.0.0.1, порт: 7777, режим работы: listen
2020-10-26 20:38:11,427 DEBUG client.py Создаем сокет клиента
2020-10-26 20:38:11,427 DEBUG decos.py <2020-10-26 20:38:11> Функция create_socket() вызвана из функции main.
2020-10-26 20:38:11,427 DEBUG client.py Сформировано presence сообщение для пользователя Guest
2020-10-26 20:38:11,427 DEBUG decos.py <2020-10-26 20:38:11> Функция create_presence() вызвана из функции main.
2020-10-26 20:38:11,427 DEBUG client.py Вызвана функция send_message клиента. Сообщение {'action': 'presence', 'time': 1603733891.4271631, 'user': {'account_name': 'Guest'}}.
2020-10-26 20:38:11,442 DEBUG decos.py <2020-10-26 20:38:11> Функция send_message() вызвана из функции main.
2020-10-26 20:38:11,427 DEBUG decos.py <2020-10-26 20:38:11> Функция create_socket() вызвана из функции main.
2020-10-26 20:38:11,442 DEBUG client.py ВЫзвана функция get_message клиента
2020-10-26 20:38:11,442 DEBUG client.py Сформировано presence сообщение для пользователя Guest
2020-10-26 20:38:11,442 DEBUG decos.py <2020-10-26 20:38:11> Функция get_message() вызвана из функции main.
2020-10-26 20:38:11,442 DEBUG decos.py <2020-10-26 20:38:11> Функция create_presence() вызвана из функции main.
2020-10-26 20:38:11,442 DEBUG client.py Вызвана функция send_message клиента. Сообщение {'action': 'presence', 'time': 1603733891.4427872, 'user': {'account_name': 'Guest'}}.
2020-10-26 20:38:11,442 DEBUG decos.py <2020-10-26 20:38:11> Функция send_message() вызвана из функции main.
2020-10-26 20:38:11,442 DEBUG client.py ВЫзвана функция get_message клиента
2020-10-26 20:38:11,442 DEBUG client.py Вызвана функция process_ans клиента. Сообщение {'response': 200}.
2020-10-26 20:38:11,442 DEBUG decos.py <2020-10-26 20:38:11> Функция get_message() вызвана из функции main.
2020-10-26 20:38:11,442 DEBUG client.py Вызвана функция process_ans клиента. Сообщение {'response': 200}.
2020-10-26 20:38:11,442 DEBUG decos.py <2020-10-26 20:38:11> Функция process_ans() вызвана из функции main.
2020-10-26 20:38:11,442 DEBUG decos.py <2020-10-26 20:38:11> Функция process_ans() вызвана из функции main.
2020-10-26 20:38:11,442 INFO client.py Установлено соединение с сервером. Ответ сервера: 200 : OK
2020-10-26 20:38:11,442 INFO client.py Установлено соединение с сервером. Ответ сервера: 200 : OK
2020-10-26 20:38:11,442 DEBUG client.py ВЫзвана функция get_message клиента
2020-10-26 20:38:11,442 DEBUG client.py ВЫзвана функция get_message клиента
2020-10-26 20:38:11,442 DEBUG decos.py <2020-10-26 20:38:11> Функция get_message() вызвана из функции main.
2020-10-26 20:38:11,442 DEBUG client.py Вызвана функция process_ans клиента. Сообщение {'response': 200}.
2020-10-26 20:38:11,442 DEBUG decos.py <2020-10-26 20:38:11> Функция process_ans() вызвана из функции main.
2020-10-26 20:38:11,442 INFO client.py Установлено соединение с сервером. Ответ сервера: 200 : OK
2020-10-26 20:38:11,442 DEBUG client.py ВЫзвана функция get_message клиента
2020-10-26 20:38:11,864 DEBUG client.py Сформировано presence сообщение для пользователя Guest
2020-10-26 20:38:11,864 DEBUG decos.py <2020-10-26 20:38:11> Функция create_presence() вызвана из функции main.
2020-10-26 20:38:11,864 DEBUG client.py Вызвана функция send_message клиента. Сообщение {'action': 'presence', 'time': 1603733891.8646343, 'user': {'account_name': 'Guest'}}.
2020-10-26 20:38:11,864 DEBUG client.py Сформировано presence сообщение для пользователя Guest
2020-10-26 20:38:11,864 DEBUG decos.py <2020-10-26 20:38:11> Функция send_message() вызвана из функции main.
2020-10-26 20:38:11,864 DEBUG client.py ВЫзвана функция get_message клиента
2020-10-26 20:38:11,864 DEBUG decos.py <2020-10-26 20:38:11> Функция create_presence() вызвана из функции main.
2020-10-26 20:38:11,864 DEBUG client.py Вызвана функция send_message клиента. Сообщение {'action': 'presence', 'time': 1603733891.8646343, 'user': {'account_name': 'Guest'}}.
2020-10-26 20:38:11,864 DEBUG decos.py <2020-10-26 20:38:11> Функция send_message() вызвана из функции main.
2020-10-26 20:38:11,864 DEBUG client.py ВЫзвана функция get_message клиента
2020-10-26 20:38:11,864 DEBUG decos.py <2020-10-26 20:38:11> Функция get_message() вызвана из функции main.
2020-10-26 20:38:11,864 DEBUG client.py Вызвана функция process_ans клиента. Сообщение {'response': 200}.
2020-10-26 20:38:11,864 DEBUG decos.py <2020-10-26 20:38:11> Функция process_ans() вызвана из функции main.
2020-10-26 20:38:11,864 INFO client.py Установлено соединение с сервером. Ответ сервера: 200 : OK
2020-10-26 20:38:11,864 DEBUG decos.py <2020-10-26 20:38:11> Функция get_message() вызвана из функции main.
2020-10-26 20:38:11,864 DEBUG client.py Вызвана функция process_ans клиента. Сообщение {'response': 200}.
2020-10-26 20:38:11,864 DEBUG decos.py <2020-10-26 20:38:11> Функция process_ans() вызвана из функции main.
2020-10-26 20:38:11,864 INFO client.py Установлено соединение с сервером. Ответ сервера: 200 : OK
2020-10-26 20:38:11,880 DEBUG client.py ВЫзвана функция get_message клиента
2020-10-26 20:38:11,880 DEBUG client.py Сформировано presence сообщение для пользователя Guest
2020-10-26 20:38:11,880 DEBUG decos.py <2020-10-26 20:38:11> Функция create_presence() вызвана из функции main.
2020-10-26 20:38:11,880 DEBUG client.py Вызвана функция send_message клиента. Сообщение {'action': 'presence', 'time': 1603733891.8802576, 'user': {'account_name': 'Guest'}}.
2020-10-26 20:38:11,880 DEBUG decos.py <2020-10-26 20:38:11> Функция send_message() вызвана из функции main.
2020-10-26 20:38:11,880 DEBUG client.py ВЫзвана функция get_message клиента
2020-10-26 20:38:11,880 DEBUG client.py Сформировано presence сообщение для пользователя Guest
2020-10-26 20:38:11,880 DEBUG decos.py <2020-10-26 20:38:11> Функция create_presence() вызвана из функции main.
2020-10-26 20:38:11,880 DEBUG client.py Вызвана функция send_message клиента. Сообщение {'action': 'presence', 'time': 1603733891.8802576, 'user': {'account_name': 'Guest'}}.
2020-10-26 20:38:11,880 DEBUG decos.py <2020-10-26 20:38:11> Функция send_message() вызвана из функции main.
2020-10-26 20:38:11,880 DEBUG client.py ВЫзвана функция get_message клиента
2020-10-26 20:38:12,395 DEBUG decos.py <2020-10-26 20:38:12> Функция get_message() вызвана из функции main.
2020-10-26 20:38:12,395 DEBUG client.py Вызвана функция process_ans клиента. Сообщение {'response': 200}.
2020-10-26 20:38:12,395 DEBUG decos.py <2020-10-26 20:38:12> Функция process_ans() вызвана из функции main.
2020-10-26 20:38:12,395 INFO client.py Установлено соединение с сервером. Ответ сервера: 200 : OK
2020-10-26 20:38:12,395 DEBUG decos.py <2020-10-26 20:38:12> Функция get_message() вызвана из функции main.
2020-10-26 20:38:12,395 DEBUG client.py Вызвана функция process_ans клиента. Сообщение {'response': 200}.
2020-10-26 20:38:12,395 DEBUG decos.py <2020-10-26 20:38:12> Функция process_ans() вызвана из функции main.
2020-10-26 20:38:12,395 INFO client.py Установлено соединение с сервером. Ответ сервера: 200 : OK
2020-10-26 20:38:12,395 DEBUG client.py ВЫзвана функция get_message клиента
2020-10-26 20:38:55,442 DEBUG client.py Сформирован словарь сообщения: {'action': 'message', 'time': 1603733935.4424295, 'account_name': 'Guest', 'mess_text': 'Test from first client.'}
2020-10-26 20:38:55,442 DEBUG decos.py <2020-10-26 20:38:55> Функция create_message() вызвана из функции main.
2020-10-26 20:38:55,442 DEBUG client.py Вызвана функция send_message клиента. Сообщение {'action': 'message', 'time': 1603733935.4424295, 'account_name': 'Guest', 'mess_text': 'Test from first client.'}.
2020-10-26 20:38:55,442 DEBUG decos.py <2020-10-26 20:38:55> Функция send_message() вызвана из функции main.
2020-10-26 20:38:55,551 DEBUG decos.py <2020-10-26 20:38:55> Функция get_message() вызвана из функции main.
2020-10-26 20:38:55,551 INFO client.py Получено сообщение от пользователя Guest:
Test from first client.
2020-10-26 20:38:55,551 DEBUG decos.py <2020-10-26 20:38:55> Функция get_message() вызвана из функции main.
2020-10-26 20:38:55,551 DEBUG decos.py <2020-10-26 20:38:55> Функция message_from_server() вызвана из функции main.
2020-10-26 20:38:55,551 DEBUG client.py ВЫзвана функция get_message клиента
2020-10-26 20:38:55,567 DEBUG decos.py <2020-10-26 20:38:55> Функция get_message() вызвана из функции main.
2020-10-26 20:38:55,567 INFO client.py Получено сообщение от пользователя Guest:
Test from first client.
2020-10-26 20:38:55,567 INFO client.py Получено сообщение от пользователя Guest:
Test from first client.
2020-10-26 20:38:55,567 DEBUG decos.py <2020-10-26 20:38:55> Функция message_from_server() вызвана из функции main.
2020-10-26 20:38:55,567 DEBUG client.py ВЫзвана функция get_message клиента
2020-10-26 20:38:55,567 DEBUG decos.py <2020-10-26 20:38:55> Функция message_from_server() вызвана из функции main.
2020-10-26 20:38:55,567 DEBUG client.py ВЫзвана функция get_message клиента
2020-10-26 20:38:55,567 DEBUG decos.py <2020-10-26 20:38:55> Функция get_message() вызвана из функции main.
2020-10-26 20:38:55,567 INFO client.py Получено сообщение от пользователя Guest:
Test from first client.
2020-10-26 20:38:55,567 DEBUG decos.py <2020-10-26 20:38:55> Функция message_from_server() вызвана из функции main.
2020-10-26 20:38:55,567 DEBUG client.py ВЫзвана функция get_message клиента
2020-10-26 20:38:55,567 DEBUG decos.py <2020-10-26 20:38:55> Функция get_message() вызвана из функции main.
2020-10-26 20:38:55,567 INFO client.py Получено сообщение от пользователя Guest:
Test from first client.
2020-10-26 20:38:55,567 DEBUG decos.py <2020-10-26 20:38:55> Функция message_from_server() вызвана из функции main.
2020-10-26 20:38:55,567 DEBUG client.py ВЫзвана функция get_message клиента
2020-10-26 20:39:16,864 DEBUG client.py Сформирован словарь сообщения: {'action': 'message', 'time': 1603733956.864218, 'account_name': 'Guest', 'mess_text': 'Test from second client.'}
2020-10-26 20:39:16,864 DEBUG decos.py <2020-10-26 20:39:16> Функция create_message() вызвана из функции main.
2020-10-26 20:39:16,864 DEBUG client.py Вызвана функция send_message клиента. Сообщение {'action': 'message', 'time': 1603733956.864218, 'account_name': 'Guest', 'mess_text': 'Test from second client.'}.
2020-10-26 20:39:16,864 DEBUG decos.py <2020-10-26 20:39:16> Функция send_message() вызвана из функции main.
2020-10-26 20:39:17,192 DEBUG decos.py <2020-10-26 20:39:17> Функция get_message() вызвана из функции main.
2020-10-26 20:39:17,192 INFO client.py Получено сообщение от пользователя Guest:
Test from second client.
2020-10-26 20:39:17,192 DEBUG decos.py <2020-10-26 20:39:17> Функция message_from_server() вызвана из функции main.
2020-10-26 20:39:17,192 DEBUG client.py ВЫзвана функция get_message клиента
2020-10-26 20:39:17,207 DEBUG decos.py <2020-10-26 20:39:17> Функция get_message() вызвана из функции main.
2020-10-26 20:39:17,207 INFO client.py Получено сообщение от пользователя Guest:
Test from second client.
2020-10-26 20:39:17,207 DEBUG decos.py <2020-10-26 20:39:17> Функция message_from_server() вызвана из функции main.
2020-10-26 20:39:17,207 DEBUG client.py ВЫзвана функция get_message клиента
2020-10-26 20:39:17,223 DEBUG decos.py <2020-10-26 20:39:17> Функция get_message() вызвана из функции main.
2020-10-26 20:39:17,223 INFO client.py Получено сообщение от пользователя Guest:
Test from second client.
2020-10-26 20:39:17,223 DEBUG decos.py <2020-10-26 20:39:17> Функция message_from_server() вызвана из функции main.
2020-10-26 20:39:17,223 DEBUG client.py ВЫзвана функция get_message клиента
2020-10-26 20:39:17,239 DEBUG decos.py <2020-10-26 20:39:17> Функция get_message() вызвана из функции main.
2020-10-26 20:39:17,239 INFO client.py Получено сообщение от пользователя Guest:
Test from second client.
2020-10-26 20:39:17,239 DEBUG decos.py <2020-10-26 20:39:17> Функция message_from_server() вызвана из функции main.
2020-10-26 20:39:17,254 DEBUG client.py ВЫзвана функция get_message клиента
2020-10-26 20:39:17,270 DEBUG decos.py <2020-10-26 20:39:17> Функция get_message() вызвана из функции main.
2020-10-26 20:39:17,270 INFO client.py Получено сообщение от пользователя Guest:
Test from second client.
2020-10-26 20:39:17,270 DEBUG decos.py <2020-10-26 20:39:17> Функция message_from_server() вызвана из функции main.
2020-10-26 20:39:17,270 DEBUG client.py ВЫзвана функция get_message клиента
2020-10-26 20:41:40,569 DEBUG decos.py <2020-10-26 20:41:40> Функция arg_parser() вызвана из функции main.
2020-10-26 20:41:40,584 INFO client.py Запущен клиент с парамертами: адрес сервера: 127.0.0.1, порт: 7777, режим работы: send
2020-10-26 20:41:40,584 DEBUG client.py Создаем сокет клиента
2020-10-26 20:41:40,584 DEBUG decos.py <2020-10-26 20:41:40> Функция create_socket() вызвана из функции main.
2020-10-26 20:41:40,584 DEBUG decos.py <2020-10-26 20:41:40> Функция arg_parser() вызвана из функции main.
2020-10-26 20:41:40,600 INFO client.py Запущен клиент с парамертами: адрес сервера: 127.0.0.1, порт: 7777, режим работы: listen
2020-10-26 20:41:40,600 DEBUG client.py Создаем сокет клиента
2020-10-26 20:41:40,600 DEBUG decos.py <2020-10-26 20:41:40> Функция create_socket() вызвана из функции main.
2020-10-26 20:41:40,600 DEBUG decos.py <2020-10-26 20:41:40> Функция arg_parser() вызвана из функции main.
2020-10-26 20:41:40,600 DEBUG client.py Сформировано presence сообщение для пользователя Guest
2020-10-26 20:41:40,615 INFO client.py Запущен клиент с парамертами: адрес сервера: 127.0.0.1, порт: 7777, режим работы: listen
2020-10-26 20:41:40,615 DEBUG decos.py <2020-10-26 20:41:40> Функция create_presence() вызвана из функции main.
2020-10-26 20:41:40,615 DEBUG client.py Создаем сокет клиента
2020-10-26 20:41:40,615 DEBUG decos.py <2020-10-26 20:41:40> Функция create_socket() вызвана из функции main.
2020-10-26 20:41:40,615 DEBUG client.py Сформировано presence сообщение для пользователя Guest
2020-10-26 20:41:40,615 DEBUG client.py Вызвана функция send_message клиента. Сообщение {'action': 'presence', 'time': 1603734100.6003072, 'user': {'account_name': 'Guest'}}.
2020-10-26 20:41:40,615 DEBUG decos.py <2020-10-26 20:41:40> Функция arg_parser() вызвана из функции main.
2020-10-26 20:41:40,631 DEBUG decos.py <2020-10-26 20:41:40> Функция create_presence() вызвана из функции main.
2020-10-26 20:41:40,631 INFO client.py Запущен клиент с парамертами: адрес сервера: 127.0.0.1, порт: 7777, режим работы: listen
2020-10-26 20:41:40,631 DEBUG decos.py <2020-10-26 20:41:40> Функция send_message() вызвана из функции main.
2020-10-26 20:41:40,631 DEBUG client.py Создаем сокет клиента
2020-10-26 20:41:40,631 DEBUG decos.py <2020-10-26 20:41:40> Функция create_socket() вызвана из функции main.
2020-10-26 20:41:40,631 DEBUG client.py Вызвана функция send_message клиента. Сообщение {'action': 'presence', 'time': 1603734100.6159308, 'user': {'account_name': 'Guest'}}.
2020-10-26 20:41:40,631 DEBUG decos.py <2020-10-26 20:41:40> Функция send_message() вызвана из функции main.
2020-10-26 20:41:40,631 DEBUG client.py ВЫзвана функция get_message клиента
2020-10-26 20:41:40,631 DEBUG client.py ВЫзвана функция get_message клиента
2020-10-26 20:41:40,631 DEBUG client.py Сформировано presence сообщение для пользователя Guest
2020-10-26 20:41:40,631 DEBUG decos.py <2020-10-26 20:41:40> Функция create_presence() вызвана из функции main.
2020-10-26 20:41:40,631 DEBUG client.py Вызвана функция send_message клиента. Сообщение {'action': 'presence', 'time': 1603734100.6315546, 'user': {'account_name': 'Guest'}}.
2020-10-26 20:41:40,631 DEBUG decos.py <2020-10-26 20:41:40> Функция send_message() вызвана из функции main.
2020-10-26 20:41:40,647 DEBUG client.py ВЫзвана функция get_message клиента
2020-10-26 20:41:40,647 DEBUG decos.py <2020-10-26 20:41:40> Функция get_message() вызвана из функции main.
2020-10-26 20:41:40,647 DEBUG client.py Вызвана функция process_ans клиента. Сообщение {'response': 200}.
2020-10-26 20:41:40,647 DEBUG decos.py <2020-10-26 20:41:40> Функция process_ans() вызвана из функции main.
2020-10-26 20:41:40,647 INFO client.py Установлено соединение с сервером. Ответ сервера: 200 : OK
2020-10-26 20:41:40,647 DEBUG client.py ВЫзвана функция get_message клиента
2020-10-26 20:41:40,678 DEBUG decos.py <2020-10-26 20:41:40> Функция arg_parser() вызвана из функции main.
2020-10-26 20:41:40,678 INFO client.py Запущен клиент с парамертами: адрес сервера: 127.0.0.1, порт: 7777, режим работы: send
2020-10-26 20:41:40,678 DEBUG decos.py <2020-10-26 20:41:40> Функция get_message() вызвана из функции main.
2020-10-26 20:41:40,678 DEBUG client.py Вызвана функция process_ans клиента. Сообщение {'response': 200}.
2020-10-26 20:41:40,678 DEBUG client.py Создаем сокет клиента
s_ans() вызвана из функции main.
2020-10-26 20:41:40,678 INFO client.py Установлено соединение с сервером. Ответ сервера: 200 : OK
2020-10-26 20:41:40,678 DEBUG client.py ВЫзвана функция get_message клиента
2020-10-26 20:41:40,678 DEBUG decos.py <2020-10-26 20:41:40> Функция arg_parser() вызвана из функции main.
2020-10-26 20:41:40,678 INFO client.py Запущен клиент с парамертами: адрес сервера: 127.0.0.1, порт: 7777, режим работы: listen
2020-10-26 20:41:40,678 DEBUG decos.py <2020-10-26 20:41:40> Функция create_socket() вызвана из функции main.
2020-10-26 20:41:40,678 DEBUG client.py Создаем сокет клиента
2020-10-26 20:41:40,678 DEBUG decos.py <2020-10-26 20:41:40> Функция arg_parser() вызвана из функции main.
2020-10-26 20:41:40,678 DEBUG client.py Сформировано presence сообщение для пользователя Guest
2020-10-26 20:41:40,678 INFO client.py Запущен клиент с парамертами: адрес сервера: 127.0.0.1, порт: 7777, режим работы: listen
2020-10-26 20:41:40,678 DEBUG decos.py <2020-10-26 20:41:40> Функция create_socket() вызвана из функции main.
2020-10-26 20:41:40,678 DEBUG client.py Создаем сокет клиента
2020-10-26 20:41:40,678 DEBUG decos.py <2020-10-26 20:41:40> Функция create_presence() вызвана из функции main.
2020-10-26 20:41:40,678 DEBUG client.py Сформировано presence сообщение для пользователя Guest
2020-10-26 20:41:40,678 DEBUG client.py Вызвана функция send_message клиента. Сообщение {'action': 'presence', 'time': 1603734100.678426, 'user': {'account_name': 'Guest'}}.
2020-10-26 20:41:40,678 DEBUG decos.py <2020-10-26 20:41:40> Функция create_presence() вызвана из функции main.
2020-10-26 20:41:40,678 DEBUG decos.py <2020-10-26 20:41:40> Функция send_message() вызвана из функции main.
2020-10-26 20:41:40,678 DEBUG client.py Вызвана функция send_message клиента. Сообщение {'action': 'presence', 'time': 1603734100.678426, 'user': {'account_name': 'Guest'}}.
2020-10-26 20:41:40,678 DEBUG client.py ВЫзвана функция get_message клиента
2020-10-26 20:41:40,678 DEBUG decos.py <2020-10-26 20:41:40> Функция create_socket() вызвана из функции main.
2020-10-26 20:41:40,678 DEBUG decos.py <2020-10-26 20:41:40> Функция send_message() вызвана из функции main.
2020-10-26 20:41:40,678 DEBUG client.py ВЫзвана функция get_message клиента
2020-10-26 20:41:40,678 DEBUG client.py Сформировано presence сообщение для пользователя Guest
2020-10-26 20:41:40,678 DEBUG decos.py <2020-10-26 20:41:40> Функция create_presence() вызвана из функции main.
2020-10-26 20:41:40,678 DEBUG client.py Вызвана функция send_message клиента. Сообщение {'action': 'presence', 'time': 1603734100.678426, 'user': {'account_name': 'Guest'}}.
2020-10-26 20:41:40,678 DEBUG decos.py <2020-10-26 20:41:40> Функция send_message() вызвана из функции main.
2020-10-26 20:41:40,678 DEBUG client.py ВЫзвана функция get_message клиента
2020-10-26 20:41:40,694 DEBUG decos.py <2020-10-26 20:41:40> Функция get_message() вызвана из функции main.
2020-10-26 20:41:40,694 DEBUG client.py Вызвана функция process_ans клиента. Сообщение {'response': 200}.
2020-10-26 20:41:40,709 DEBUG decos.py <2020-10-26 20:41:40> Функция process_ans() вызвана из функции main.
2020-10-26 20:41:40,709 INFO client.py Установлено соединение с сервером. Ответ сервера: 200 : OK
2020-10-26 20:41:40,709 DEBUG client.py ВЫзвана функция get_message клиента
2020-10-26 20:41:40,740 DEBUG decos.py <2020-10-26 20:41:40> Функция get_message() вызвана из функции main.
2020-10-26 20:41:40,740 DEBUG client.py Вызвана функция process_ans клиента. Сообщение {'response': 200}.
2020-10-26 20:41:40,740 DEBUG decos.py <2020-10-26 20:41:40> Функция process_ans() вызвана из функции main.
2020-10-26 20:41:40,740 INFO client.py Установлено соединение с сервером. Ответ сервера: 200 : OK
2020-10-26 20:41:40,756 DEBUG decos.py <2020-10-26 20:41:40> Функция get_message() вызвана из функции main.
2020-10-26 20:41:40,756 DEBUG client.py Вызвана функция process_ans клиента. Сообщение {'response': 200}.
2020-10-26 20:41:40,756 DEBUG decos.py <2020-10-26 20:41:40> Функция process_ans() вызвана из функции main.
2020-10-26 20:41:40,756 INFO client.py Установлено соединение с сервером. Ответ сервера: 200 : OK
2020-10-26 20:41:40,756 DEBUG client.py ВЫзвана функция get_message клиента
2020-10-26 20:41:40,787 DEBUG decos.py <2020-10-26 20:41:40> Функция get_message() вызвана из функции main.
2020-10-26 20:41:40,787 DEBUG client.py Вызвана функция process_ans клиента. Сообщение {'response': 200}.
2020-10-26 20:41:40,787 DEBUG decos.py <2020-10-26 20:41:40> Функция process_ans() вызвана из функции main.
2020-10-26 20:41:40,787 INFO client.py Установлено соединение с сервером. Ответ сервера: 200 : OK
2020-10-26 20:41:40,787 DEBUG client.py ВЫзвана функция get_message клиента
2020-10-26 20:41:41,100 DEBUG client.py Сформировано presence сообщение для пользователя Guest
2020-10-26 20:41:41,100 DEBUG decos.py <2020-10-26 20:41:41> Функция create_presence() вызвана из функции main.
2020-10-26 20:41:41,100 DEBUG client.py Вызвана функция send_message клиента. Сообщение {'action': 'presence', 'time': 1603734101.100283, 'user': {'account_name': 'Guest'}}.
2020-10-26 20:41:41,100 DEBUG decos.py <2020-10-26 20:41:41> Функция send_message() вызвана из функции main.
2020-10-26 20:41:41,100 DEBUG client.py ВЫзвана функция get_message клиента
2020-10-26 20:41:41,115 DEBUG decos.py <2020-10-26 20:41:41> Функция get_message() вызвана из функции main.
2020-10-26 20:41:41,115 DEBUG client.py Вызвана функция process_ans клиента. Сообщение {'response': 200}.
2020-10-26 20:41:41,115 DEBUG decos.py <2020-10-26 20:41:41> Функция process_ans() вызвана из функции main.
2020-10-26 20:41:41,115 INFO client.py Установлено соединение с сервером. Ответ сервера: 200 : OK
2020-10-26 20:42:29,723 DEBUG client.py Сформирован словарь сообщения: {'action': 'message', 'time': 1603734149.723937, 'account_name': 'Guest', 'mess_text': '********** Test **************'}
2020-10-26 20:42:29,723 DEBUG decos.py <2020-10-26 20:42:29> Функция create_message() вызвана из функции main.
2020-10-26 20:42:29,723 DEBUG client.py Вызвана функция send_message клиента. Сообщение {'action': 'message', 'time': 1603734149.723937, 'account_name': 'Guest', 'mess_text': '********** Test **************'}.
2020-10-26 20:42:29,723 DEBUG decos.py <2020-10-26 20:42:29> Функция send_message() вызвана из функции main.
2020-10-26 20:42:29,973 DEBUG decos.py <2020-10-26 20:42:29> Функция get_message() вызвана из функции main.
2020-10-26 20:42:29,973 INFO client.py Получено сообщение от пользователя Guest:
********** Test **************
2020-10-26 20:42:29,973 DEBUG decos.py <2020-10-26 20:42:29> Функция message_from_server() вызвана из функции main.
2020-10-26 20:42:29,973 DEBUG client.py ВЫзвана функция get_message клиента
2020-10-26 20:42:29,989 DEBUG decos.py <2020-10-26 20:42:29> Функция get_message() вызвана из функции main.
2020-10-26 20:42:29,989 INFO client.py Получено сообщение от пользователя Guest:
********** Test **************
2020-10-26 20:42:29,989 DEBUG decos.py <2020-10-26 20:42:29> Функция message_from_server() вызвана из функции main.
2020-10-26 20:42:29,989 DEBUG client.py ВЫзвана функция get_message клиента
2020-10-26 20:42:30,005 DEBUG decos.py <2020-10-26 20:42:29> Функция get_message() вызвана из функции main.
2020-10-26 20:42:30,005 INFO client.py Получено сообщение от пользователя Guest:
********** Test **************
2020-10-26 20:42:30,005 DEBUG decos.py <2020-10-26 20:42:30> Функция message_from_server() вызвана из функции main.
2020-10-26 20:42:30,005 DEBUG client.py ВЫзвана функция get_message клиента
2020-10-26 20:42:30,020 DEBUG decos.py <2020-10-26 20:42:30> Функция get_message() вызвана из функции main.
2020-10-26 20:42:30,020 INFO client.py Получено сообщение от пользователя Guest:
********** Test **************
2020-10-26 20:42:30,020 DEBUG decos.py <2020-10-26 20:42:30> Функция message_from_server() вызвана из функции main.
2020-10-26 20:42:30,020 DEBUG client.py ВЫзвана функция get_message клиента
2020-10-26 20:42:30,020 DEBUG decos.py <2020-10-26 20:42:30> Функция get_message() вызвана из функции main.
2020-10-26 20:42:30,020 INFO client.py Получено сообщение от пользователя Guest:
********** Test **************
2020-10-26 20:42:30,020 DEBUG decos.py <2020-10-26 20:42:30> Функция message_from_server() вызвана из функции main.
2020-10-26 20:42:30,020 DEBUG client.py ВЫзвана функция get_message клиента
2020-10-26 20:48:08,682 DEBUG decos.py <2020-10-26 20:48:08> Функция arg_parser() вызвана из функции main.
2020-10-26 20:48:08,698 INFO client.py Запущен клиент с парамертами: адрес сервера: 127.0.0.1, порт: 7777, режим работы: send
2020-10-26 20:48:08,698 DEBUG client.py Создаем сокет клиента
2020-10-26 20:48:08,698 DEBUG decos.py <2020-10-26 20:48:08> Функция create_socket() вызвана из функции main.
2020-10-26 20:48:08,714 DEBUG decos.py <2020-10-26 20:48:08> Функция arg_parser() вызвана из функции main.
2020-10-26 20:48:08,714 DEBUG decos.py <2020-10-26 20:48:08> Функция arg_parser() вызвана из функции main.
2020-10-26 20:48:08,714 INFO client.py Запущен клиент с парамертами: адрес сервера: 127.0.0.1, порт: 7777, режим работы: listen
2020-10-26 20:48:08,729 DEBUG client.py Создаем сокет клиента
2020-10-26 20:48:08,729 INFO client.py Запущен клиент с парамертами: адрес сервера: 127.0.0.1, порт: 7777, режим работы: listen
2020-10-26 20:48:08,729 DEBUG client.py Создаем сокет клиента
2020-10-26 20:48:08,729 DEBUG decos.py <2020-10-26 20:48:08> Функция create_socket() вызвана из функции main.
2020-10-26 20:48:08,729 DEBUG decos.py <2020-10-26 20:48:08> Функция create_socket() вызвана из функции main.
2020-10-26 20:48:08,729 DEBUG decos.py <2020-10-26 20:48:08> Функция arg_parser() вызвана из функции main.
2020-10-26 20:48:08,729 INFO client.py Запущен клиент с парамертами: адрес сервера: 127.0.0.1, порт: 7777, режим работы: send
2020-10-26 20:48:08,729 DEBUG client.py Создаем сокет клиента
2020-10-26 20:48:08,729 DEBUG decos.py <2020-10-26 20:48:08> Функция create_socket() вызвана из функции main.
2020-10-26 20:48:08,745 DEBUG decos.py <2020-10-26 20:48:08> Функция arg_parser() вызвана из функции main.
2020-10-26 20:48:08,745 INFO client.py Запущен клиент с парамертами: адрес сервера: 127.0.0.1, порт: 7777, режим работы: listen
2020-10-26 20:48:08,745 DEBUG client.py Создаем сокет клиента
2020-10-26 20:48:08,745 DEBUG decos.py <2020-10-26 20:48:08> Функция create_socket() вызвана из функции main.
2020-10-26 20:48:08,745 DEBUG decos.py <2020-10-26 20:48:08> Функция arg_parser() вызвана из функции main.
2020-10-26 20:48:08,745 INFO client.py Запущен клиент с парамертами: адрес сервера: 127.0.0.1, порт: 7777, режим работы: listen
2020-10-26 20:48:08,745 DEBUG client.py Создаем сокет клиента
2020-10-26 20:48:08,745 DEBUG decos.py <2020-10-26 20:48:08> Функция create_socket() вызвана из функции main.
2020-10-26 20:48:08,776 DEBUG decos.py <2020-10-26 20:48:08> Функция arg_parser() вызвана из функции main.
2020-10-26 20:48:08,776 INFO client.py Запущен клиент с парамертами: адрес сервера: 127.0.0.1, порт: 7777, режим работы: listen
2020-10-26 20:48:08,792 DEBUG client.py Создаем сокет клиента
2020-10-26 20:48:08,792 DEBUG decos.py <2020-10-26 20:48:08> Функция create_socket() вызвана из функции main.
2020-10-26 20:48:08,792 DEBUG client.py Сформировано presence сообщение для пользователя Guest
2020-10-26 20:48:08,792 DEBUG decos.py <2020-10-26 20:48:08> Функция create_presence() вызвана из функции main.
2020-10-26 20:48:08,792 DEBUG client.py Вызвана функция send_message клиента. Сообщение {'action': 'presence', 'time': 1603734488.7921433, 'user': {'account_name': 'Guest'}}.
2020-10-26 20:48:08,792 DEBUG decos.py <2020-10-26 20:48:08> Функция send_message() вызвана из функции main.
2020-10-26 20:48:08,792 DEBUG client.py ВЫзвана функция get_message клиента
2020-10-26 20:48:09,213 DEBUG client.py Сформировано presence сообщение для пользователя Guest
2020-10-26 20:48:09,213 DEBUG decos.py <2020-10-26 20:48:09> Функция create_presence() вызвана из функции main.
2020-10-26 20:48:09,213 DEBUG client.py Вызвана функция send_message клиента. Сообщение {'action': 'presence', 'time': 1603734489.2139916, 'user': {'account_name': 'Guest'}}.
2020-10-26 20:48:09,213 DEBUG decos.py <2020-10-26 20:48:09> Функция send_message() вызвана из функции main.
2020-10-26 20:48:09,213 DEBUG client.py ВЫзвана функция get_message клиента
2020-10-26 20:48:09,245 DEBUG client.py Сформировано presence сообщение для пользователя Guest
2020-10-26 20:48:09,245 DEBUG client.py Сформировано presence сообщение для пользователя Guest
2020-10-26 20:48:09,245 DEBUG decos.py <2020-10-26 20:48:09> Функция create_presence() вызвана из функции main.
2020-10-26 20:48:09,245 DEBUG decos.py <2020-10-26 20:48:09> Функция create_presence() вызвана из функции main.
2020-10-26 20:48:09,245 DEBUG client.py Вызвана функция send_message клиента. Сообщение {'action': 'presence', 'time': 1603734489.2452376, 'user': {'account_name': 'Guest'}}.
2020-10-26 20:48:09,245 DEBUG client.py Вызвана функция send_message клиента. Сообщение {'action': 'presence', 'time': 1603734489.2452376, 'user': {'account_name': 'Guest'}}.
2020-10-26 20:48:09,245 DEBUG decos.py <2020-10-26 20:48:09> Функция create_presence() вызвана из функции main.
2020-10-26 20:48:09,245 DEBUG client.py Вызвана функция send_message клиента. Сообщение {'action': 'presence', 'time': 1603734489.2452376, 'user': {'account_name': 'Guest'}}.
2020-10-26 20:48:09,245 DEBUG decos.py <2020-10-26 20:48:09> Функция send_message() вызвана из функции main.
2020-10-26 20:48:09,245 DEBUG decos.py <2020-10-26 20:48:09> Функция send_message() вызвана из функции main.
2020-10-26 20:48:09,245 DEBUG client.py ВЫзвана функция get_message клиента
2020-10-26 20:48:09,245 DEBUG client.py ВЫзвана функция get_message клиента
2020-10-26 20:48:09,245 DEBUG decos.py <2020-10-26 20:48:09> Функция send_message() вызвана из функции main.
2020-10-26 20:48:09,245 DEBUG client.py ВЫзвана функция get_message клиента
2020-10-26 20:48:09,260 DEBUG client.py Сформировано presence сообщение для пользователя Guest
2020-10-26 20:48:09,260 DEBUG decos.py <2020-10-26 20:48:09> Функция create_presence() вызвана из функции main.
2020-10-26 20:48:09,260 DEBUG client.py Вызвана функция send_message клиента. Сообщение {'action': 'presence', 'time': 1603734489.2608933, 'user': {'account_name': 'Guest'}}.
2020-10-26 20:48:09,260 DEBUG decos.py <2020-10-26 20:48:09> Функция send_message() вызвана из функции main.
2020-10-26 20:48:09,260 DEBUG client.py ВЫзвана функция get_message клиента
2020-10-26 20:48:09,260 DEBUG decos.py <2020-10-26 20:48:09> Функция get_message() вызвана из функции main.
2020-10-26 20:48:09,260 DEBUG client.py Вызвана функция process_ans клиента. Сообщение {'response': 200}.
2020-10-26 20:48:09,260 DEBUG decos.py <2020-10-26 20:48:09> Функция process_ans() вызвана из функции main.
2020-10-26 20:48:09,260 INFO client.py Установлено соединение с сервером. Ответ сервера: 200 : OK
2020-10-26 20:48:09,260 DEBUG client.py ВЫзвана функция get_message клиента
2020-10-26 20:48:09,276 DEBUG client.py Сформировано presence сообщение для пользователя Guest
2020-10-26 20:48:09,276 DEBUG decos.py <2020-10-26 20:48:09> Функция create_presence() вызвана из функции main.
2020-10-26 20:48:09,276 DEBUG client.py Вызвана функция send_message клиента. Сообщение {'action': 'presence', 'time': 1603734489.276485, 'user': {'account_name': 'Guest'}}.
2020-10-26 20:48:09,276 DEBUG decos.py <2020-10-26 20:48:09> Функция send_message() вызвана из функции main.
2020-10-26 20:48:09,276 DEBUG client.py ВЫзвана функция get_message клиента
2020-10-26 20:48:09,292 DEBUG decos.py <2020-10-26 20:48:09> Функция get_message() вызвана из функции main.
2020-10-26 20:48:09,292 DEBUG client.py Вызвана функция process_ans клиента. Сообщение {'response': 200}.
2020-10-26 20:48:09,307 DEBUG decos.py <2020-10-26 20:48:09> Функция process_ans() вызвана из функции main.
2020-10-26 20:48:09,307 INFO client.py Установлено соединение с сервером. Ответ сервера: 200 : OK
2020-10-26 20:48:09,338 DEBUG decos.py <2020-10-26 20:48:09> Функция get_message() вызвана из функции main.
2020-10-26 20:48:09,338 DEBUG client.py Вызвана функция process_ans клиента. Сообщение {'response': 200}.
2020-10-26 20:48:09,338 DEBUG decos.py <2020-10-26 20:48:09> Функция process_ans() вызвана из функции main.
2020-10-26 20:48:09,338 INFO client.py Установлено соединение с сервером. Ответ сервера: 200 : OK
2020-10-26 20:48:09,338 DEBUG client.py ВЫзвана функция get_message клиента
2020-10-26 20:48:09,370 DEBUG decos.py <2020-10-26 20:48:09> Функция get_message() вызвана из функции main.
2020-10-26 20:48:09,370 DEBUG client.py Вызвана функция process_ans клиента. Сообщение {'response': 200}.
2020-10-26 20:48:09,370 DEBUG decos.py <2020-10-26 20:48:09> Функция process_ans() вызвана из функции main.
2020-10-26 20:48:09,370 INFO client.py Установлено соединение с сервером. Ответ сервера: 200 : OK
2020-10-26 20:48:09,370 DEBUG client.py ВЫзвана функция get_message клиента
2020-10-26 20:48:09,401 DEBUG decos.py <2020-10-26 20:48:09> Функция get_message() вызвана из функции main.
2020-10-26 20:48:09,401 DEBUG client.py Вызвана функция process_ans клиента. Сообщение {'response': 200}.
2020-10-26 20:48:09,401 DEBUG decos.py <2020-10-26 20:48:09> Функция process_ans() вызвана из функции main.
2020-10-26 20:48:09,401 INFO client.py Установлено соединение с сервером. Ответ сервера: 200 : OK
2020-10-26 20:48:09,417 DEBUG decos.py <2020-10-26 20:48:09> Функция get_message() вызвана из функции main.
2020-10-26 20:48:09,417 DEBUG client.py Вызвана функция process_ans клиента. Сообщение {'response': 200}.
2020-10-26 20:48:09,432 DEBUG decos.py <2020-10-26 20:48:09> Функция process_ans() вызвана из функции main.
2020-10-26 20:48:09,432 INFO client.py Установлено соединение с сервером. Ответ сервера: 200 : OK
2020-10-26 20:48:09,432 DEBUG client.py ВЫзвана функция get_message клиента
2020-10-26 20:48:09,448 DEBUG decos.py <2020-10-26 20:48:09> Функция get_message() вызвана из функции main.
2020-10-26 20:48:09,463 DEBUG client.py Вызвана функция process_ans клиента. Сообщение {'response': 200}.
2020-10-26 20:48:09,463 DEBUG decos.py <2020-10-26 20:48:09> Функция process_ans() вызвана из функции main.
2020-10-26 20:48:09,463 INFO client.py Установлено соединение с сервером. Ответ сервера: 200 : OK
2020-10-26 20:48:09,463 DEBUG client.py ВЫзвана функция get_message клиента
2020-10-26 20:48:24,910 DEBUG client.py Сформирован словарь сообщения: {'action': 'message', 'time': 1603734504.910593, 'account_name': 'Guest', 'mess_text': 'Test Test Test'}
2020-10-26 20:48:24,910 DEBUG decos.py <2020-10-26 20:48:24> Функция create_message() вызвана из функции main.
2020-10-26 20:48:24,910 DEBUG client.py Вызвана функция send_message клиента. Сообщение {'action': 'message', 'time': 1603734504.910593, 'account_name': 'Guest', 'mess_text': 'Test Test Test'}.
2020-10-26 20:48:24,910 DEBUG decos.py <2020-10-26 20:48:24> Функция send_message() вызвана из функции main.
2020-10-26 20:48:25,348 DEBUG decos.py <2020-10-26 20:48:25> Функция get_message() вызвана из функции main.
2020-10-26 20:48:25,348 INFO client.py Получено сообщение от пользователя Guest:
Test Test Test
2020-10-26 20:48:25,348 DEBUG decos.py <2020-10-26 20:48:25> Функция message_from_server() вызвана из функции main.
2020-10-26 20:48:25,348 DEBUG client.py ВЫзвана функция get_message клиента
2020-10-26 20:48:25,379 DEBUG decos.py <2020-10-26 20:48:25> Функция get_message() вызвана из функции main.
2020-10-26 20:48:25,379 INFO client.py Получено сообщение от пользователя Guest:
Test Test Test
2020-10-26 20:48:25,379 DEBUG decos.py <2020-10-26 20:48:25> Функция message_from_server() вызвана из функции main.
2020-10-26 20:48:25,379 DEBUG client.py ВЫзвана функция get_message клиента
2020-10-26 20:48:25,379 DEBUG decos.py <2020-10-26 20:48:25> Функция get_message() вызвана из функции main.
2020-10-26 20:48:25,379 INFO client.py Получено сообщение от пользователя Guest:
Test Test Test
2020-10-26 20:48:25,379 DEBUG decos.py <2020-10-26 20:48:25> Функция message_from_server() вызвана из функции main.
2020-10-26 20:48:25,379 DEBUG client.py ВЫзвана функция get_message клиента
2020-10-26 20:48:25,394 DEBUG decos.py <2020-10-26 20:48:25> Функция get_message() вызвана из функции main.
2020-10-26 20:48:25,394 INFO client.py Получено сообщение от пользователя Guest:
Test Test Test
2020-10-26 20:48:25,394 DEBUG decos.py <2020-10-26 20:48:25> Функция message_from_server() вызвана из функции main.
2020-10-26 20:48:25,394 DEBUG client.py ВЫзвана функция get_message клиента
2020-10-26 20:48:25,410 DEBUG decos.py <2020-10-26 20:48:25> Функция get_message() вызвана из функции main.
2020-10-26 20:48:25,410 INFO client.py Получено сообщение от пользователя Guest:
Test Test Test
2020-10-26 20:48:25,410 DEBUG decos.py <2020-10-26 20:48:25> Функция message_from_server() вызвана из функции main.
2020-10-26 20:48:25,410 DEBUG client.py ВЫзвана функция get_message клиента
2020-10-26 20:52:10,770 DEBUG decos.py <2020-10-26 20:52:10> Функция arg_parser() вызвана из функции main.
2020-10-26 20:52:10,770 INFO client.py Запущен клиент с парамертами: адрес сервера: 127.0.0.1, порт: 7777, режим работы: send
2020-10-26 20:52:10,785 DEBUG client.py Создаем сокет клиента
2020-10-26 20:52:10,785 DEBUG decos.py <2020-10-26 20:52:10> Функция create_socket() вызвана из функции main.
2020-10-26 20:52:10,801 DEBUG decos.py <2020-10-26 20:52:10> Функция arg_parser() вызвана из функции main.
2020-10-26 20:52:10,801 INFO client.py Запущен клиент с парамертами: адрес сервера: 127.0.0.1, порт: 7777, режим работы: listen
2020-10-26 20:52:10,801 DEBUG client.py Создаем сокет клиента
2020-10-26 20:52:10,801 DEBUG decos.py <2020-10-26 20:52:10> Функция create_socket() вызвана из функции main.
2020-10-26 20:52:10,801 DEBUG decos.py <2020-10-26 20:52:10> Функция arg_parser() вызвана из функции main.
2020-10-26 20:52:10,817 INFO client.py Запущен клиент с парамертами: адрес сервера: 127.0.0.1, порт: 7777, режим работы: listen
2020-10-26 20:52:10,817 DEBUG client.py Создаем сокет клиента
2020-10-26 20:52:10,817 DEBUG decos.py <2020-10-26 20:52:10> Функция create_socket() вызвана из функции main.
2020-10-26 20:52:10,817 DEBUG decos.py <2020-10-26 20:52:10> Функция arg_parser() вызвана из функции main.
2020-10-26 20:52:10,817 INFO client.py Запущен клиент с парамертами: адрес сервера: 127.0.0.1, порт: 7777, режим работы: send
2020-10-26 20:52:10,817 DEBUG client.py Создаем сокет клиента
2020-10-26 20:52:10,817 DEBUG decos.py <2020-10-26 20:52:10> Функция create_socket() вызвана из функции main.
2020-10-26 20:52:10,832 DEBUG decos.py <2020-10-26 20:52:10> Функция arg_parser() вызвана из функции main.
2020-10-26 20:52:10,832 INFO client.py Запущен клиент с парамертами: адрес сервера: 127.0.0.1, порт: 7777, режим работы: listen
2020-10-26 20:52:10,832 DEBUG client.py Сформировано presence сообщение для пользователя Guest
2020-10-26 20:52:10,832 DEBUG client.py Создаем сокет клиента
2020-10-26 20:52:10,832 DEBUG decos.py <2020-10-26 20:52:10> Функция create_presence() вызвана из функции main.
2020-10-26 20:52:10,832 DEBUG decos.py <2020-10-26 20:52:10> Функция create_socket() вызвана из функции main.
2020-10-26 20:52:10,832 DEBUG client.py Вызвана функция send_message клиента. Сообщение {'action': 'presence', 'time': 1603734730.8326707, 'user': {'account_name': 'Guest'}}.
2020-10-26 20:52:10,832 DEBUG decos.py <2020-10-26 20:52:10> Функция send_message() вызвана из функции main.
2020-10-26 20:52:10,832 DEBUG client.py ВЫзвана функция get_message клиента
2020-10-26 20:52:10,832 DEBUG client.py Сформировано presence сообщение для пользователя Guest
2020-10-26 20:52:10,832 DEBUG decos.py <2020-10-26 20:52:10> Функция create_presence() вызвана из функции main.
2020-10-26 20:52:10,832 DEBUG client.py Вызвана функция send_message клиента. Сообщение {'action': 'presence', 'time': 1603734730.8326707, 'user': {'account_name': 'Guest'}}.
2020-10-26 20:52:10,832 DEBUG decos.py <2020-10-26 20:52:10> Функция send_message() вызвана из функции main.
2020-10-26 20:52:10,832 DEBUG client.py ВЫзвана функция get_message клиента
2020-10-26 20:52:10,848 DEBUG decos.py <2020-10-26 20:52:10> Функция arg_parser() вызвана из функции main.
2020-10-26 20:52:10,848 INFO client.py Запущен клиент с парамертами: адрес сервера: 127.0.0.1, порт: 7777, режим работы: listen
2020-10-26 20:52:10,848 DEBUG client.py Создаем сокет клиента
2020-10-26 20:52:10,848 DEBUG decos.py <2020-10-26 20:52:10> Функция create_socket() вызвана из функции main.
2020-10-26 20:52:10,848 DEBUG client.py Сформировано presence сообщение для пользователя Guest
2020-10-26 20:52:10,848 DEBUG decos.py <2020-10-26 20:52:10> Функция create_presence() вызвана из функции main.
2020-10-26 20:52:10,848 DEBUG decos.py <2020-10-26 20:52:10> Функция arg_parser() вызвана из функции main.
2020-10-26 20:52:10,848 DEBUG client.py Вызвана функция send_message клиента. Сообщение {'action': 'presence', 'time': 1603734730.8482945, 'user': {'account_name': 'Guest'}}.
2020-10-26 20:52:10,848 INFO client.py Запущен клиент с парамертами: адрес сервера: 127.0.0.1, порт: 7777, режим работы: listen
2020-10-26 20:52:10,848 DEBUG client.py Создаем сокет клиента
2020-10-26 20:52:10,848 DEBUG decos.py <2020-10-26 20:52:10> Функция get_message() вызвана из функции main.
2020-10-26 20:52:10,848 DEBUG client.py Вызвана функция process_ans клиента. Сообщение {'response': 200}.
2020-10-26 20:52:10,848 DEBUG decos.py <2020-10-26 20:52:10> Функция send_message() вызвана из функции main.
2020-10-26 20:52:10,848 DEBUG decos.py <2020-10-26 20:52:10> Функция create_socket() вызвана из функции main.
2020-10-26 20:52:10,848 DEBUG client.py ВЫзвана функция get_message клиента
2020-10-26 20:52:10,848 DEBUG decos.py <2020-10-26 20:52:10> Функция process_ans() вызвана из функции main.
2020-10-26 20:52:10,848 DEBUG client.py Сформировано presence сообщение для пользователя Guest
2020-10-26 20:52:10,863 DEBUG decos.py <2020-10-26 20:52:10> Функция create_presence() вызвана из функции main.
2020-10-26 20:52:10,848 INFO client.py Установлено соединение с сервером. Ответ сервера: 200 : OK
2020-10-26 20:52:10,863 DEBUG client.py Вызвана функция send_message клиента. Сообщение {'action': 'presence', 'time': 1603734730.8482945, 'user': {'account_name': 'Guest'}}.
2020-10-26 20:52:10,863 DEBUG decos.py <2020-10-26 20:52:10> Функция send_message() вызвана из функции main.
2020-10-26 20:52:10,863 DEBUG client.py ВЫзвана функция get_message клиента
2020-10-26 20:52:10,879 DEBUG decos.py <2020-10-26 20:52:10> Функция get_message() вызвана из функции main.
2020-10-26 20:52:10,879 DEBUG client.py Вызвана функция process_ans клиента. Сообщение {'response': 200}.
2020-10-26 20:52:10,879 DEBUG decos.py <2020-10-26 20:52:10> Функция process_ans() вызвана из функции main.
2020-10-26 20:52:10,879 INFO client.py Установлено соединение с сервером. Ответ сервера: 200 : OK
2020-10-26 20:52:10,879 DEBUG client.py ВЫзвана функция get_message клиента
2020-10-26 20:52:10,910 DEBUG decos.py <2020-10-26 20:52:10> Функция get_message() вызвана из функции main.
2020-10-26 20:52:10,910 DEBUG client.py Вызвана функция process_ans клиента. Сообщение {'response': 200}.
2020-10-26 20:52:10,910 DEBUG decos.py <2020-10-26 20:52:10> Функция process_ans() вызвана из функции main.
2020-10-26 20:52:10,910 INFO client.py Установлено соединение с сервером. Ответ сервера: 200 : OK
2020-10-26 20:52:10,910 DEBUG client.py ВЫзвана функция get_message клиента
2020-10-26 20:52:10,942 DEBUG decos.py <2020-10-26 20:52:10> Функция get_message() вызвана из функции main.
2020-10-26 20:52:10,942 DEBUG client.py Вызвана функция process_ans клиента. Сообщение {'response': 200}.
2020-10-26 20:52:10,942 DEBUG decos.py <2020-10-26 20:52:10> Функция process_ans() вызвана из функции main.
2020-10-26 20:52:10,942 INFO client.py Установлено соединение с сервером. Ответ сервера: 200 : OK
2020-10-26 20:52:10,942 DEBUG client.py ВЫзвана функция get_message клиента
2020-10-26 20:52:11,301 DEBUG client.py Сформировано presence сообщение для пользователя Guest
2020-10-26 20:52:11,301 DEBUG decos.py <2020-10-26 20:52:11> Функция create_presence() вызвана из функции main.
2020-10-26 20:52:11,301 DEBUG client.py Вызвана функция send_message клиента. Сообщение {'action': 'presence', 'time': 1603734731.3013983, 'user': {'account_name': 'Guest'}}.
2020-10-26 20:52:11,301 DEBUG decos.py <2020-10-26 20:52:11> Функция send_message() вызвана из функции main.
2020-10-26 20:52:11,301 DEBUG client.py ВЫзвана функция get_message клиента
2020-10-26 20:52:11,317 DEBUG client.py Сформировано presence сообщение для пользователя Guest
2020-10-26 20:52:11,317 DEBUG decos.py <2020-10-26 20:52:11> Функция create_presence() вызвана из функции main.
2020-10-26 20:52:11,317 DEBUG client.py Вызвана функция send_message клиента. Сообщение {'action': 'presence', 'time': 1603734731.317013, 'user': {'account_name': 'Guest'}}.
2020-10-26 20:52:11,317 DEBUG decos.py <2020-10-26 20:52:11> Функция send_message() вызвана из функции main.
2020-10-26 20:52:11,317 DEBUG client.py ВЫзвана функция get_message клиента
2020-10-26 20:52:11,317 DEBUG decos.py <2020-10-26 20:52:11> Функция get_message() вызвана из функции main.
2020-10-26 20:52:11,317 DEBUG client.py Вызвана функция process_ans клиента. Сообщение {'response': 200}.
2020-10-26 20:52:11,317 DEBUG decos.py <2020-10-26 20:52:11> Функция process_ans() вызвана из функции main.
2020-10-26 20:52:11,317 INFO client.py Установлено соединение с сервером. Ответ сервера: 200 : OK
2020-10-26 20:52:11,332 DEBUG client.py Сформировано presence сообщение для пользователя Guest
2020-10-26 20:52:11,332 DEBUG decos.py <2020-10-26 20:52:11> Функция create_presence() вызвана из функции main.
2020-10-26 20:52:11,332 DEBUG client.py Вызвана функция send_message клиента. Сообщение {'action': 'presence', 'time': 1603734731.3326461, 'user': {'account_name': 'Guest'}}.
2020-10-26 20:52:11,332 DEBUG decos.py <2020-10-26 20:52:11> Функция send_message() вызвана из функции main.
2020-10-26 20:52:11,332 DEBUG client.py ВЫзвана функция get_message клиента
2020-10-26 20:52:11,348 DEBUG decos.py <2020-10-26 20:52:11> Функция get_message() вызвана из функции main.
2020-10-26 20:52:11,363 DEBUG client.py Вызвана функция process_ans клиента. Сообщение {'response': 200}.
2020-10-26 20:52:11,363 DEBUG decos.py <2020-10-26 20:52:11> Функция process_ans() вызвана из функции main.
2020-10-26 20:52:11,363 INFO client.py Установлено соединение с сервером. Ответ сервера: 200 : OK
2020-10-26 20:52:11,363 DEBUG client.py ВЫзвана функция get_message клиента
2020-10-26 20:52:11,395 DEBUG decos.py <2020-10-26 20:52:11> Функция get_message() вызвана из функции main.
2020-10-26 20:52:11,395 DEBUG client.py Вызвана функция process_ans клиента. Сообщение {'response': 200}.
2020-10-26 20:52:11,395 DEBUG decos.py <2020-10-26 20:52:11> Функция process_ans() вызвана из функции main.
2020-10-26 20:52:11,395 INFO client.py Установлено соединение с сервером. Ответ сервера: 200 : OK
2020-10-26 20:52:11,395 DEBUG client.py ВЫзвана функция get_message клиента
2020-10-26 20:52:24,632 DEBUG client.py Сформирован словарь сообщения: {'action': 'message', 'time': 1603734744.6324608, 'account_name': 'Guest', 'mess_text': 'test test tes'}
2020-10-26 20:52:24,632 DEBUG decos.py <2020-10-26 20:52:24> Функция create_message() вызвана из функции main.
2020-10-26 20:52:24,632 DEBUG client.py Вызвана функция send_message клиента. Сообщение {'action': 'message', 'time': 1603734744.6324608, 'account_name': 'Guest', 'mess_text': 'test test tes'}.
2020-10-26 20:52:24,632 DEBUG decos.py <2020-10-26 20:52:24> Функция send_message() вызвана из функции main.
2020-10-26 20:52:24,788 DEBUG decos.py <2020-10-26 20:52:24> Функция get_message() вызвана из функции main.
2020-10-26 20:52:24,788 INFO client.py Получено сообщение от пользователя Guest:
test test tes
2020-10-26 20:52:24,788 DEBUG decos.py <2020-10-26 20:52:24> Функция message_from_server() вызвана из функции main.
2020-10-26 20:52:24,788 DEBUG client.py ВЫзвана функция get_message клиента
2020-10-26 20:52:24,804 DEBUG decos.py <2020-10-26 20:52:24> Функция get_message() вызвана из функции main.
2020-10-26 20:52:24,804 INFO client.py Получено сообщение от пользователя Guest:
test test tes
2020-10-26 20:52:24,804 DEBUG decos.py <2020-10-26 20:52:24> Функция message_from_server() вызвана из функции main.
2020-10-26 20:52:24,804 DEBUG client.py ВЫзвана функция get_message клиента
2020-10-26 20:52:24,804 DEBUG decos.py <2020-10-26 20:52:24> Функция get_message() вызвана из функции main.
2020-10-26 20:52:24,804 INFO client.py Получено сообщение от пользователя Guest:
test test tes
2020-10-26 20:52:24,819 DEBUG decos.py <2020-10-26 20:52:24> Функция message_from_server() вызвана из функции main.
2020-10-26 20:52:24,819 DEBUG client.py ВЫзвана функция get_message клиента
2020-10-26 20:52:24,835 DEBUG decos.py <2020-10-26 20:52:24> Функция get_message() вызвана из функции main.
2020-10-26 20:52:24,835 INFO client.py Получено сообщение от пользователя Guest:
test test tes
2020-10-26 20:52:24,835 DEBUG decos.py <2020-10-26 20:52:24> Функция message_from_server() вызвана из функции main.
2020-10-26 20:52:24,835 DEBUG client.py ВЫзвана функция get_message клиента
2020-10-26 20:52:24,835 DEBUG decos.py <2020-10-26 20:52:24> Функция get_message() вызвана из функции main.
2020-10-26 20:52:24,835 INFO client.py Получено сообщение от пользователя Guest:
test test tes
2020-10-26 20:52:24,835 DEBUG decos.py <2020-10-26 20:52:24> Функция message_from_server() вызвана из функции main.
2020-10-26 20:52:24,835 DEBUG client.py ВЫзвана функция get_message клиента
2020-10-26 20:53:25,551 DEBUG decos.py <2020-10-26 20:53:25> Функция arg_parser() вызвана из функции main.
2020-10-26 20:53:25,551 INFO client.py Запущен клиент с парамертами: адрес сервера: 127.0.0.1, порт: 7777, режим работы: listen
2020-10-26 20:53:25,551 DEBUG client.py Создаем сокет клиента
2020-10-26 20:53:25,551 DEBUG decos.py <2020-10-26 20:53:25> Функция create_socket() вызвана из функции main.
2020-10-26 20:53:25,551 DEBUG client.py Сформировано presence сообщение для пользователя Guest
2020-10-26 20:53:25,551 DEBUG decos.py <2020-10-26 20:53:25> Функция create_presence() вызвана из функции main.
2020-10-26 20:53:25,551 DEBUG client.py Вызвана функция send_message клиента. Сообщение {'action': 'presence', 'time': 1603734805.551673, 'user': {'account_name': 'Guest'}}.
2020-10-26 20:53:25,567 DEBUG decos.py <2020-10-26 20:53:25> Функция send_message() вызвана из функции main.
2020-10-26 20:53:25,567 DEBUG client.py ВЫзвана функция get_message клиента
2020-10-26 20:54:08,366 ERROR client.py (10054, 'An existing connection was forcibly closed by the remote host', None, 10054, None)
2020-10-26 20:54:08,366 DEBUG decos.py <2020-10-26 20:54:08> Функция get_message() вызвана из функции main.
2020-10-26 20:54:08,366 DEBUG client.py Вызвана функция process_ans клиента. Сообщение None.
2020-10-26 20:58:33,772 DEBUG decos.py <2020-10-26 20:58:33> Функция arg_parser() вызвана из функции main.
2020-10-26 20:58:33,772 INFO client.py Запущен клиент с парамертами: адрес сервера: 127.0.0.1, порт: 7777, режим работы: listen
2020-10-26 20:58:33,772 DEBUG client.py Создаем сокет клиента
2020-10-26 20:58:33,772 DEBUG decos.py <2020-10-26 20:58:33> Функция create_socket() вызвана из функции main.
2020-10-26 20:58:33,772 DEBUG client.py Сформировано presence сообщение для пользователя Guest
2020-10-26 20:58:33,772 DEBUG decos.py <2020-10-26 20:58:33> Функция create_presence() вызвана из функции main.
2020-10-26 20:58:33,772 DEBUG client.py Вызвана функция send_message клиента. Сообщение {'action': 'presence', 'time': 1603735113.772135, 'user': {'account_name': 'Guest'}}.
2020-10-26 20:58:33,772 DEBUG decos.py <2020-10-26 20:58:33> Функция send_message() вызвана из функции main.
2020-10-26 20:58:33,772 DEBUG client.py ВЫзвана функция get_message клиента
2020-10-26 20:58:33,787 DEBUG decos.py <2020-10-26 20:58:33> Функция arg_parser() вызвана из функции main.
2020-10-26 20:58:33,787 INFO client.py Запущен клиент с парамертами: адрес сервера: 127.0.0.1, порт: 7777, режим работы: send
2020-10-26 20:58:33,787 DEBUG client.py Создаем сокет клиента
2020-10-26 20:58:33,787 DEBUG decos.py <2020-10-26 20:58:33> Функция create_socket() вызвана из функции main.
2020-10-26 20:58:33,787 DEBUG client.py Сформировано presence сообщение для пользователя Guest
2020-10-26 20:58:33,787 DEBUG decos.py <2020-10-26 20:58:33> Функция create_presence() вызвана из функции main.
2020-10-26 20:58:33,787 DEBUG client.py Вызвана функция send_message клиента. Сообщение {'action': 'presence', 'time': 1603735113.787758, 'user': {'account_name': 'Guest'}}.
2020-10-26 20:58:33,787 DEBUG decos.py <2020-10-26 20:58:33> Функция send_message() вызвана из функции main.
2020-10-26 20:58:33,787 DEBUG client.py ВЫзвана функция get_message клиента
2020-10-26 20:58:33,803 DEBUG decos.py <2020-10-26 20:58:33> Функция get_message() вызвана из функции main.
2020-10-26 20:58:33,803 DEBUG client.py Вызвана функция process_ans клиента. Сообщение {'response': 200}.
2020-10-26 20:58:33,803 DEBUG decos.py <2020-10-26 20:58:33> Функция process_ans() вызвана из функции main.
2020-10-26 20:58:33,803 INFO client.py Установлено соединение с сервером. Ответ сервера: 200 : OK
2020-10-26 20:58:33,803 DEBUG decos.py <2020-10-26 20:58:33> Функция arg_parser() вызвана из функции main.
2020-10-26 20:58:33,803 INFO client.py Запущен клиент с парамертами: адрес сервера: 127.0.0.1, порт: 7777, режим работы: listen
2020-10-26 20:58:33,803 DEBUG client.py Создаем сокет клиента
2020-10-26 20:58:33,803 DEBUG decos.py <2020-10-26 20:58:33> Функция create_socket() вызвана из функции main.
2020-10-26 20:58:33,803 DEBUG client.py ВЫзвана функция get_message клиента
2020-10-26 20:58:33,803 DEBUG client.py Сформировано presence сообщение для пользователя Guest
2020-10-26 20:58:33,803 DEBUG decos.py <2020-10-26 20:58:33> Функция create_presence() вызвана из функции main.
2020-10-26 20:58:33,803 DEBUG client.py Вызвана функция send_message клиента. Сообщение {'action': 'presence', 'time': 1603735113.8033826, 'user': {'account_name': 'Guest'}}.
2020-10-26 20:58:33,803 DEBUG decos.py <2020-10-26 20:58:33> Функция send_message() вызвана из функции main.
2020-10-26 20:58:33,803 DEBUG client.py ВЫзвана функция get_message клиента
2020-10-26 20:58:33,803 DEBUG decos.py <2020-10-26 20:58:33> Функция get_message() вызвана из функции main.
2020-10-26 20:58:33,803 DEBUG client.py Вызвана функция process_ans клиента. Сообщение {'response': 200}.
2020-10-26 20:58:33,803 DEBUG decos.py <2020-10-26 20:58:33> Функция process_ans() вызвана из функции main.
2020-10-26 20:58:33,803 INFO client.py Установлено соединение с сервером. Ответ сервера: 200 : OK
2020-10-26 20:58:33,803 DEBUG decos.py <2020-10-26 20:58:33> Функция arg_parser() вызвана из функции main.
2020-10-26 20:58:33,803 INFO client.py Запущен клиент с парамертами: адрес сервера: 127.0.0.1, порт: 7777, режим работы: listen
2020-10-26 20:58:33,803 DEBUG client.py Создаем сокет клиента
2020-10-26 20:58:33,803 DEBUG decos.py <2020-10-26 20:58:33> Функция create_socket() вызвана из функции main.
2020-10-26 20:58:33,803 DEBUG client.py Сформировано presence сообщение для пользователя Guest
2020-10-26 20:58:33,803 DEBUG decos.py <2020-10-26 20:58:33> Функция create_presence() вызвана из функции main.
2020-10-26 20:58:33,803 DEBUG client.py Вызвана функция send_message клиента. Сообщение {'action': 'presence', 'time': 1603735113.8033826, 'user': {'account_name': 'Guest'}}.
2020-10-26 20:58:33,803 DEBUG decos.py <2020-10-26 20:58:33> Функция send_message() вызвана из функции main.
2020-10-26 20:58:33,803 DEBUG client.py ВЫзвана функция get_message клиента
2020-10-26 20:58:33,819 DEBUG decos.py <2020-10-26 20:58:33> Функция get_message() вызвана из функции main.
2020-10-26 20:58:33,819 DEBUG client.py Вызвана функция process_ans клиента. Сообщение {'response': 200}.
2020-10-26 20:58:33,819 DEBUG decos.py <2020-10-26 20:58:33> Функция process_ans() вызвана из функции main.
2020-10-26 20:58:33,819 INFO client.py Установлено соединение с сервером. Ответ сервера: 200 : OK
2020-10-26 20:58:33,819 DEBUG client.py ВЫзвана функция get_message клиента
2020-10-26 20:58:33,819 DEBUG decos.py <2020-10-26 20:58:33> Функция arg_parser() вызвана из функции main.
2020-10-26 20:58:33,819 INFO client.py Запущен клиент с парамертами: адрес сервера: 127.0.0.1, порт: 7777, режим работы: send
2020-10-26 20:58:33,819 DEBUG client.py Создаем сокет клиента
2020-10-26 20:58:33,819 DEBUG decos.py <2020-10-26 20:58:33> Функция create_socket() вызвана из функции main.
2020-10-26 20:58:33,819 DEBUG client.py Сформировано presence сообщение для пользователя Guest
2020-10-26 20:58:33,819 DEBUG decos.py <2020-10-26 20:58:33> Функция create_presence() вызвана из функции main.
2020-10-26 20:58:33,819 DEBUG client.py Вызвана функция send_message клиента. Сообщение {'action': 'presence', 'time': 1603735113.8190062, 'user': {'account_name': 'Guest'}}.
2020-10-26 20:58:33,819 DEBUG decos.py <2020-10-26 20:58:33> Функция send_message() вызвана из функции main.
2020-10-26 20:58:33,819 DEBUG client.py ВЫзвана функция get_message клиента
2020-10-26 20:58:33,819 DEBUG decos.py <2020-10-26 20:58:33> Функция get_message() вызвана из функции main.
2020-10-26 20:58:33,819 DEBUG client.py Вызвана функция process_ans клиента. Сообщение {'response': 200}.
2020-10-26 20:58:33,819 DEBUG decos.py <2020-10-26 20:58:33> Функция process_ans() вызвана из функции main.
2020-10-26 20:58:33,819 INFO client.py Установлено соединение с сервером. Ответ сервера: 200 : OK
2020-10-26 20:58:33,819 DEBUG client.py ВЫзвана функция get_message клиента
2020-10-26 20:58:33,841 DEBUG decos.py <2020-10-26 20:58:33> Функция arg_parser() вызвана из функции main.
2020-10-26 20:58:33,841 INFO client.py Запущен клиент с парамертами: адрес сервера: 127.0.0.1, порт: 7777, режим работы: listen
2020-10-26 20:58:33,841 DEBUG client.py Создаем сокет клиента
2020-10-26 20:58:33,841 DEBUG decos.py <2020-10-26 20:58:33> Функция arg_parser() вызвана из функции main.
2020-10-26 20:58:33,841 INFO client.py Запущен клиент с парамертами: адрес сервера: 127.0.0.1, порт: 7777, режим работы: listen
2020-10-26 20:58:33,841 DEBUG client.py Создаем сокет клиента
2020-10-26 20:58:33,842 DEBUG decos.py <2020-10-26 20:58:33> Функция create_socket() вызвана из функции main.
2020-10-26 20:58:33,842 DEBUG decos.py <2020-10-26 20:58:33> Функция create_socket() вызвана из функции main.
2020-10-26 20:58:33,842 DEBUG client.py Сформировано presence сообщение для пользователя Guest
2020-10-26 20:58:33,842 DEBUG client.py Сформировано presence сообщение для пользователя Guest
2020-10-26 20:58:33,843 DEBUG decos.py <2020-10-26 20:58:33> Функция create_presence() вызвана из функции main.
2020-10-26 20:58:33,843 DEBUG decos.py <2020-10-26 20:58:33> Функция create_presence() вызвана из функции main.
2020-10-26 20:58:33,843 DEBUG client.py Вызвана функция send_message клиента. Сообщение {'action': 'presence', 'time': 1603735113.8424754, 'user': {'account_name': 'Guest'}}.
2020-10-26 20:58:33,844 DEBUG decos.py <2020-10-26 20:58:33> Функция send_message() вызвана из функции main.
2020-10-26 20:58:33,844 DEBUG decos.py <2020-10-26 20:58:33> Функция send_message() вызвана из функции main.
2020-10-26 20:58:33,844 DEBUG client.py ВЫзвана функция get_message клиента
2020-10-26 20:58:33,844 DEBUG client.py ВЫзвана функция get_message клиента
2020-10-26 20:58:33,844 DEBUG decos.py <2020-10-26 20:58:33> Функция get_message() вызвана из функции main.
2020-10-26 20:58:33,844 DEBUG client.py Вызвана функция process_ans клиента. Сообщение {'response': 200}.
2020-10-26 20:58:33,845 DEBUG decos.py <2020-10-26 20:58:33> Функция process_ans() вызвана из функции main.
2020-10-26 20:58:33,845 INFO client.py Установлено соединение с сервером. Ответ сервера: 200 : OK
2020-10-26 20:58:33,846 DEBUG decos.py <2020-10-26 20:58:33> Функция get_message() вызвана из функции main.
2020-10-26 20:58:33,846 DEBUG client.py Вызвана функция process_ans клиента. Сообщение {'response': 200}.
2020-10-26 20:58:33,846 DEBUG decos.py <2020-10-26 20:58:33> Функция process_ans() вызвана из функции main.
2020-10-26 20:58:33,847 INFO client.py Установлено соединение с сервером. Ответ сервера: 200 : OK
2020-10-26 20:58:33,847 DEBUG client.py ВЫзвана функция get_message клиента
2020-10-26 20:58:33,848 DEBUG decos.py <2020-10-26 20:58:33> Функция get_message() вызвана из функции main.
2020-10-26 20:58:33,848 DEBUG client.py Вызвана функция process_ans клиента. Сообщение {'response': 200}.
2020-10-26 20:58:33,848 DEBUG decos.py <2020-10-26 20:58:33> Функция process_ans() вызвана из функции main.
2020-10-26 20:58:33,848 INFO client.py Установлено соединение с сервером. Ответ сервера: 200 : OK
2020-10-26 20:58:33,849 DEBUG client.py ВЫзвана функция get_message клиента
2020-10-26 20:59:04,973 DEBUG client.py Сформирован словарь сообщения: {'action': 'message', 'time': 1603735144.9737897, 'account_name': 'Guest', 'mess_text': 'Test Test Test!!!'}
2020-10-26 20:59:04,973 DEBUG decos.py <2020-10-26 20:59:04> Функция create_message() вызвана из функции main.
2020-10-26 20:59:04,973 DEBUG client.py Вызвана функция send_message клиента. Сообщение {'action': 'message', 'time': 1603735144.9737897, 'account_name': 'Guest', 'mess_text': 'Test Test Test!!!'}.
2020-10-26 20:59:04,973 DEBUG decos.py <2020-10-26 20:59:04> Функция send_message() вызвана из функции main.
2020-10-26 20:59:05,176 DEBUG decos.py <2020-10-26 20:59:05> Функция get_message() вызвана из функции main.
2020-10-26 20:59:05,176 INFO client.py Получено сообщение от пользователя Guest:
Test Test Test!!!
2020-10-26 20:59:05,176 DEBUG decos.py <2020-10-26 20:59:05> Функция message_from_server() вызвана из функции main.
2020-10-26 20:59:05,176 DEBUG client.py ВЫзвана функция get_message клиента
2020-10-26 20:59:05,176 DEBUG decos.py <2020-10-26 20:59:05> Функция get_message() вызвана из функции main.
2020-10-26 20:59:05,176 INFO client.py Получено сообщение от пользователя Guest:
Test Test Test!!!
2020-10-26 20:59:05,176 DEBUG decos.py <2020-10-26 20:59:05> Функция get_message() вызвана из функции main.
2020-10-26 20:59:05,176 DEBUG decos.py <2020-10-26 20:59:05> Функция message_from_server() вызвана из функции main.
2020-10-26 20:59:05,176 INFO client.py Получено сообщение от пользователя Guest:
Test Test Test!!!
2020-10-26 20:59:05,176 DEBUG client.py ВЫзвана функция get_message клиента
2020-10-26 20:59:05,176 DEBUG decos.py <2020-10-26 20:59:05> Функция message_from_server() вызвана из функции main.
2020-10-26 20:59:05,176 DEBUG client.py ВЫзвана функция get_message клиента
2020-10-26 20:59:05,176 DEBUG decos.py <2020-10-26 20:59:05> Функция get_message() вызвана из функции main.
2020-10-26 20:59:05,176 INFO client.py Получено сообщение от пользователя Guest:
Test Test Test!!!
2020-10-26 20:59:05,176 DEBUG decos.py <2020-10-26 20:59:05> Функция get_message() вызвана из функции main.
2020-10-26 20:59:05,176 DEBUG decos.py <2020-10-26 20:59:05> Функция message_from_server() вызвана из функции main.
2020-10-26 20:59:05,176 DEBUG client.py ВЫзвана функция get_message клиента
2020-10-26 20:59:05,176 INFO client.py Получено сообщение от пользователя Guest:
Test Test Test!!!
2020-10-26 20:59:05,176 DEBUG decos.py <2020-10-26 20:59:05> Функция message_from_server() вызвана из функции main.
2020-10-26 20:59:05,176 DEBUG client.py ВЫзвана функция get_message клиента
2020-10-26 21:01:40,259 DEBUG decos.py <2020-10-26 21:01:40> Функция arg_parser() вызвана из функции main.
2020-10-26 21:01:40,259 INFO client.py Запущен клиент с парамертами: адрес сервера: 127.0.0.1, порт: 7777, режим работы: send
2020-10-26 21:01:40,259 DEBUG client.py Создаем сокет клиента
2020-10-26 21:01:40,259 DEBUG decos.py <2020-10-26 21:01:40> Функция create_socket() вызвана из функции main.
2020-10-26 21:01:40,306 DEBUG decos.py <2020-10-26 21:01:40> Функция arg_parser() вызвана из функции main.
2020-10-26 21:01:40,306 INFO client.py Запущен клиент с парамертами: адрес сервера: 127.0.0.1, порт: 7777, режим работы: listen
2020-10-26 21:01:40,306 DEBUG client.py Создаем сокет клиента
2020-10-26 21:01:40,306 DEBUG decos.py <2020-10-26 21:01:40> Функция create_socket() вызвана из функции main.
2020-10-26 21:01:40,322 DEBUG decos.py <2020-10-26 21:01:40> Функция arg_parser() вызвана из функции main.
2020-10-26 21:01:40,322 INFO client.py Запущен клиент с парамертами: адрес сервера: 127.0.0.1, порт: 7777, режим работы: listen
2020-10-26 21:01:40,322 DEBUG client.py Создаем сокет клиента
2020-10-26 21:01:40,322 DEBUG decos.py <2020-10-26 21:01:40> Функция create_socket() вызвана из функции main.
2020-10-26 21:01:40,322 DEBUG client.py Сформировано presence сообщение для пользователя Guest
2020-10-26 21:01:40,322 DEBUG decos.py <2020-10-26 21:01:40> Функция create_presence() вызвана из функции main.
2020-10-26 21:01:40,322 DEBUG client.py Вызвана функция send_message клиента. Сообщение {'action': 'presence', 'time': 1603735300.322031, 'user': {'account_name': 'Guest'}}.
2020-10-26 21:01:40,337 DEBUG decos.py <2020-10-26 21:01:40> Функция send_message() вызвана из функции main.
2020-10-26 21:01:40,337 DEBUG client.py ВЫзвана функция get_message клиента
2020-10-26 21:01:40,337 DEBUG decos.py <2020-10-26 21:01:40> Функция arg_parser() вызвана из функции main.
2020-10-26 21:01:40,337 INFO client.py Запущен клиент с парамертами: адрес сервера: 127.0.0.1, порт: 7777, режим работы: listen
2020-10-26 21:01:40,337 DEBUG client.py Создаем сокет клиента
2020-10-26 21:01:40,337 DEBUG decos.py <2020-10-26 21:01:40> Функция create_socket() вызвана из функции main.
2020-10-26 21:01:40,337 DEBUG client.py Сформировано presence сообщение для пользователя Guest
2020-10-26 21:01:40,337 DEBUG decos.py <2020-10-26 21:01:40> Функция create_presence() вызвана из функции main.
2020-10-26 21:01:40,337 DEBUG client.py Вызвана функция send_message клиента. Сообщение {'action': 'presence', 'time': 1603735300.337655, 'user': {'account_name': 'Guest'}}.
2020-10-26 21:01:40,337 DEBUG decos.py <2020-10-26 21:01:40> Функция send_message() вызвана из функции main.
2020-10-26 21:01:40,337 DEBUG client.py ВЫзвана функция get_message клиента
2020-10-26 21:01:40,353 DEBUG decos.py <2020-10-26 21:01:40> Функция arg_parser() вызвана из функции main.
2020-10-26 21:01:40,353 INFO client.py Запущен клиент с парамертами: адрес сервера: 127.0.0.1, порт: 7777, режим работы: listen
2020-10-26 21:01:40,353 DEBUG client.py Создаем сокет клиента
2020-10-26 21:01:40,353 DEBUG decos.py <2020-10-26 21:01:40> Функция create_socket() вызвана из функции main.
2020-10-26 21:01:40,353 DEBUG client.py Сформировано presence сообщение для пользователя Guest
2020-10-26 21:01:40,353 DEBUG decos.py <2020-10-26 21:01:40> Функция create_presence() вызвана из функции main.
2020-10-26 21:01:40,353 DEBUG client.py Вызвана функция send_message клиента. Сообщение {'action': 'presence', 'time': 1603735300.3532786, 'user': {'account_name': 'Guest'}}.
2020-10-26 21:01:40,353 DEBUG decos.py <2020-10-26 21:01:40> Функция send_message() вызвана из функции main.
2020-10-26 21:01:40,353 DEBUG client.py ВЫзвана функция get_message клиента
2020-10-26 21:01:40,353 DEBUG decos.py <2020-10-26 21:01:40> Функция get_message() вызвана из функции main.
2020-10-26 21:01:40,353 DEBUG client.py Вызвана функция process_ans клиента. Сообщение {'response': 200}.
2020-10-26 21:01:40,353 DEBUG decos.py <2020-10-26 21:01:40> Функция process_ans() вызвана из функции main.
2020-10-26 21:01:40,353 INFO client.py Установлено соединение с сервером. Ответ сервера: 200 : OK
2020-10-26 21:01:40,368 DEBUG client.py ВЫзвана функция get_message клиента
2020-10-26 21:01:40,368 DEBUG decos.py <2020-10-26 21:01:40> Функция arg_parser() вызвана из функции main.
2020-10-26 21:01:40,368 INFO client.py Запущен клиент с парамертами: адрес сервера: 127.0.0.1, порт: 7777, режим работы: listen
2020-10-26 21:01:40,368 DEBUG client.py Создаем сокет клиента
2020-10-26 21:01:40,384 DEBUG decos.py <2020-10-26 21:01:40> Функция create_socket() вызвана из функции main.
2020-10-26 21:01:40,384 DEBUG client.py Сформировано presence сообщение для пользователя Guest
2020-10-26 21:01:40,384 DEBUG decos.py <2020-10-26 21:01:40> Функция create_presence() вызвана из функции main.
2020-10-26 21:01:40,384 DEBUG client.py Вызвана функция send_message клиента. Сообщение {'action': 'presence', 'time': 1603735300.3845265, 'user': {'account_name': 'Guest'}}.
2020-10-26 21:01:40,384 DEBUG decos.py <2020-10-26 21:01:40> Функция send_message() вызвана из функции main.
2020-10-26 21:01:40,384 DEBUG client.py ВЫзвана функция get_message клиента
2020-10-26 21:01:40,384 DEBUG decos.py <2020-10-26 21:01:40> Функция get_message() вызвана из функции main.
2020-10-26 21:01:40,384 DEBUG client.py Вызвана функция process_ans клиента. Сообщение {'response': 200}.
2020-10-26 21:01:40,384 DEBUG decos.py <2020-10-26 21:01:40> Функция process_ans() вызвана из функции main.
2020-10-26 21:01:40,384 INFO client.py Установлено соединение с сервером. Ответ сервера: 200 : OK
2020-10-26 21:01:40,384 DEBUG client.py ВЫзвана функция get_message клиента
2020-10-26 21:01:40,384 DEBUG decos.py <2020-10-26 21:01:40> Функция arg_parser() вызвана из функции main.
2020-10-26 21:01:40,384 INFO client.py Запущен клиент с парамертами: адрес сервера: 127.0.0.1, порт: 7777, режим работы: send
2020-10-26 21:01:40,384 DEBUG client.py Создаем сокет клиента
2020-10-26 21:01:40,384 DEBUG decos.py <2020-10-26 21:01:40> Функция create_socket() вызвана из функции main.
2020-10-26 21:01:40,384 DEBUG client.py Сформировано presence сообщение для пользователя Guest
2020-10-26 21:01:40,384 DEBUG decos.py <2020-10-26 21:01:40> Функция create_presence() вызвана из функции main.
2020-10-26 21:01:40,384 DEBUG client.py Вызвана функция send_message клиента. Сообщение {'action': 'presence', 'time': 1603735300.3845265, 'user': {'account_name': 'Guest'}}.
2020-10-26 21:01:40,384 DEBUG decos.py <2020-10-26 21:01:40> Функция send_message() вызвана из функции main.
2020-10-26 21:01:40,384 DEBUG client.py ВЫзвана функция get_message клиента
2020-10-26 21:01:40,415 DEBUG decos.py <2020-10-26 21:01:40> Функция get_message() вызвана из функции main.
2020-10-26 21:01:40,415 DEBUG client.py Вызвана функция process_ans клиента. Сообщение {'response': 200}.
2020-10-26 21:01:40,415 DEBUG decos.py <2020-10-26 21:01:40> Функция process_ans() вызвана из функции main.
2020-10-26 21:01:40,415 INFO client.py Установлено соединение с сервером. Ответ сервера: 200 : OK
2020-10-26 21:01:40,415 DEBUG client.py ВЫзвана функция get_message клиента
2020-10-26 21:01:40,447 DEBUG decos.py <2020-10-26 21:01:40> Функция get_message() вызвана из функции main.
2020-10-26 21:01:40,447 DEBUG client.py Вызвана функция process_ans клиента. Сообщение {'response': 200}.
2020-10-26 21:01:40,447 DEBUG decos.py <2020-10-26 21:01:40> Функция process_ans() вызвана из функции main.
2020-10-26 21:01:40,447 INFO client.py Установлено соединение с сервером. Ответ сервера: 200 : OK
2020-10-26 21:01:40,447 DEBUG client.py ВЫзвана функция get_message клиента
2020-10-26 21:01:40,462 DEBUG decos.py <2020-10-26 21:01:40> Функция get_message() вызвана из функции main.
2020-10-26 21:01:40,462 DEBUG client.py Вызвана функция process_ans клиента. Сообщение {'response': 200}.
2020-10-26 21:01:40,462 DEBUG decos.py <2020-10-26 21:01:40> Функция process_ans() вызвана из функции main.
2020-10-26 21:01:40,462 INFO client.py Установлено соединение с сервером. Ответ сервера: 200 : OK
2020-10-26 21:01:40,790 DEBUG client.py Сформировано presence сообщение для пользователя Guest
2020-10-26 21:01:40,790 DEBUG decos.py <2020-10-26 21:01:40> Функция create_presence() вызвана из функции main.
2020-10-26 21:01:40,790 DEBUG client.py Вызвана функция send_message клиента. Сообщение {'action': 'presence', 'time': 1603735300.7907584, 'user': {'account_name': 'Guest'}}.
2020-10-26 21:01:40,790 DEBUG decos.py <2020-10-26 21:01:40> Функция send_message() вызвана из функции main.
2020-10-26 21:01:40,790 DEBUG client.py ВЫзвана функция get_message клиента
2020-10-26 21:01:40,810 DEBUG client.py Сформировано presence сообщение для пользователя Guest
2020-10-26 21:01:40,810 DEBUG decos.py <2020-10-26 21:01:40> Функция create_presence() вызвана из функции main.
2020-10-26 21:01:40,811 DEBUG client.py Вызвана функция send_message клиента. Сообщение {'action': 'presence', 'time': 1603735300.810868, 'user': {'account_name': 'Guest'}}.
2020-10-26 21:01:40,811 DEBUG decos.py <2020-10-26 21:01:40> Функция send_message() вызвана из функции main.
2020-10-26 21:01:40,811 DEBUG client.py ВЫзвана функция get_message клиента
2020-10-26 21:01:40,816 DEBUG decos.py <2020-10-26 21:01:40> Функция get_message() вызвана из функции main.
2020-10-26 21:01:40,816 DEBUG client.py Вызвана функция process_ans клиента. Сообщение {'response': 200}.
2020-10-26 21:01:40,817 DEBUG decos.py <2020-10-26 21:01:40> Функция process_ans() вызвана из функции main.
2020-10-26 21:01:40,817 INFO client.py Установлено соединение с сервером. Ответ сервера: 200 : OK
2020-10-26 21:01:40,850 DEBUG decos.py <2020-10-26 21:01:40> Функция get_message() вызвана из функции main.
2020-10-26 21:01:40,850 DEBUG client.py Вызвана функция process_ans клиента. Сообщение {'response': 200}.
2020-10-26 21:01:40,851 DEBUG decos.py <2020-10-26 21:01:40> Функция process_ans() вызвана из функции main.
2020-10-26 21:01:40,851 INFO client.py Установлено соединение с сервером. Ответ сервера: 200 : OK
2020-10-26 21:01:40,852 DEBUG client.py ВЫзвана функция get_message клиента
2020-10-26 21:01:47,384 DEBUG client.py Сформирован словарь сообщения: {'action': 'message', 'time': 1603735307.3849142, 'account_name': 'Guest', 'mess_text': 'Test'}
2020-10-26 21:01:47,385 DEBUG decos.py <2020-10-26 21:01:47> Функция create_message() вызвана из функции main.
2020-10-26 21:01:47,385 DEBUG client.py Вызвана функция send_message клиента. Сообщение {'action': 'message', 'time': 1603735307.3849142, 'account_name': 'Guest', 'mess_text': 'Test'}.
2020-10-26 21:01:47,386 DEBUG decos.py <2020-10-26 21:01:47> Функция send_message() вызвана из функции main.
2020-10-26 21:01:47,532 DEBUG decos.py <2020-10-26 21:01:47> Функция get_message() вызвана из функции main.
2020-10-26 21:01:47,533 INFO client.py Получено сообщение от пользователя Guest:
Test
2020-10-26 21:01:47,533 DEBUG decos.py <2020-10-26 21:01:47> Функция message_from_server() вызвана из функции main.
2020-10-26 21:01:47,533 DEBUG client.py ВЫзвана функция get_message клиента
2020-10-26 21:01:47,542 DEBUG decos.py <2020-10-26 21:01:47> Функция get_message() вызвана из функции main.
2020-10-26 21:01:47,542 INFO client.py Получено сообщение от пользователя Guest:
Test
2020-10-26 21:01:47,543 DEBUG decos.py <2020-10-26 21:01:47> Функция message_from_server() вызвана из функции main.
2020-10-26 21:01:47,543 DEBUG client.py ВЫзвана функция get_message клиента
2020-10-26 21:01:47,550 DEBUG decos.py <2020-10-26 21:01:47> Функция get_message() вызвана из функции main.
2020-10-26 21:01:47,551 INFO client.py Получено сообщение от пользователя Guest:
Test
2020-10-26 21:01:47,552 DEBUG decos.py <2020-10-26 21:01:47> Функция message_from_server() вызвана из функции main.
2020-10-26 21:01:47,552 DEBUG client.py ВЫзвана функция get_message клиента
2020-10-26 21:01:47,560 DEBUG decos.py <2020-10-26 21:01:47> Функция get_message() вызвана из функции main.
2020-10-26 21:01:47,560 INFO client.py Получено сообщение от пользователя Guest:
Test
2020-10-26 21:01:47,561 DEBUG decos.py <2020-10-26 21:01:47> Функция message_from_server() вызвана из функции main.
2020-10-26 21:01:47,561 DEBUG client.py ВЫзвана функция get_message клиента
2020-10-26 21:01:47,583 DEBUG decos.py <2020-10-26 21:01:47> Функция get_message() вызвана из функции main.
2020-10-26 21:01:47,583 INFO client.py Получено сообщение от пользователя Guest:
Test
2020-10-26 21:01:47,584 DEBUG decos.py <2020-10-26 21:01:47> Функция message_from_server() вызвана из функции main.
2020-10-26 21:01:47,584 DEBUG client.py ВЫзвана функция get_message клиента
